INFO:root:K: 0.01, Steps: 5, PSNR: 28.290254008512093, MSE: 96.39510040160643
INFO:root:K: 0.01, Steps: 10, PSNR: 28.290474758593458, MSE: 96.39020080321285
INFO:root:K: 0.01, Steps: 50, PSNR: 28.288600549154474, MSE: 96.43180722891566
INFO:root:K: 0.01, Steps: 100, PSNR: 28.288947831935758, MSE: 96.42409638554217
INFO:root:K: 0.01, Steps: 150, PSNR: 28.288955067289013, MSE: 96.42393574297189
INFO:root:K: 0.01, Steps: 200, PSNR: 28.288926125948322, MSE: 96.42457831325301
INFO:root:K: 0.02, Steps: 5, PSNR: 28.290254008512093, MSE: 96.39510040160643
INFO:root:K: 0.02, Steps: 10, PSNR: 28.290474758593458, MSE: 96.39020080321285
INFO:root:K: 0.02, Steps: 50, PSNR: 28.288600549154474, MSE: 96.43180722891566
INFO:root:K: 0.02, Steps: 100, PSNR: 28.288947831935758, MSE: 96.42409638554217
INFO:root:K: 0.02, Steps: 150, PSNR: 28.288955067289013, MSE: 96.42393574297189
INFO:root:K: 0.02, Steps: 200, PSNR: 28.288926125948322, MSE: 96.42457831325301
INFO:root:K: 0.05, Steps: 5, PSNR: 28.290254008512093, MSE: 96.39510040160643
INFO:root:K: 0.05, Steps: 10, PSNR: 28.290474758593458, MSE: 96.39020080321285
INFO:root:K: 0.05, Steps: 50, PSNR: 28.288600549154474, MSE: 96.43180722891566
INFO:root:K: 0.05, Steps: 100, PSNR: 28.288947831935758, MSE: 96.42409638554217
INFO:root:K: 0.05, Steps: 150, PSNR: 28.288955067289013, MSE: 96.42393574297189
INFO:root:K: 0.05, Steps: 200, PSNR: 28.288926125948322, MSE: 96.42457831325301
INFO:root:K: 0.1, Steps: 5, PSNR: 28.290254008512093, MSE: 96.39510040160643
INFO:root:K: 0.1, Steps: 10, PSNR: 28.290474758593458, MSE: 96.39020080321285
INFO:root:K: 0.1, Steps: 50, PSNR: 28.288600549154474, MSE: 96.43180722891566
INFO:root:K: 0.1, Steps: 100, PSNR: 28.288947831935758, MSE: 96.42409638554217
INFO:root:K: 0.1, Steps: 150, PSNR: 28.288955067289013, MSE: 96.42393574297189
INFO:root:K: 0.1, Steps: 200, PSNR: 28.288926125948322, MSE: 96.42457831325301
INFO:root:K: 0.2, Steps: 5, PSNR: 28.290254008512093, MSE: 96.39510040160643
INFO:root:K: 0.2, Steps: 10, PSNR: 28.290474758593458, MSE: 96.39020080321285
INFO:root:K: 0.2, Steps: 50, PSNR: 28.288600549154474, MSE: 96.43180722891566
INFO:root:K: 0.2, Steps: 100, PSNR: 28.288947831935758, MSE: 96.42409638554217
INFO:root:K: 0.2, Steps: 150, PSNR: 28.288955067289013, MSE: 96.42393574297189
INFO:root:K: 0.2, Steps: 200, PSNR: 28.288926125948322, MSE: 96.42457831325301
INFO:root:K: 0.5, Steps: 5, PSNR: 28.28788933919682, MSE: 96.44760040160642
INFO:root:K: 0.5, Steps: 10, PSNR: 28.287702626323686, MSE: 96.45174698795181
INFO:root:K: 0.5, Steps: 50, PSNR: 28.285844524784718, MSE: 96.49302208835341
INFO:root:K: 0.5, Steps: 100, PSNR: 28.287073377159906, MSE: 96.46572289156626
INFO:root:K: 0.5, Steps: 150, PSNR: 28.28530636168326, MSE: 96.50497991967872
INFO:root:K: 0.5, Steps: 200, PSNR: 28.286703645392627, MSE: 96.47393574297189
INFO:root:K: 1, Steps: 5, PSNR: 28.29571679732, MSE: 96.27392570281124
INFO:root:K: 1, Steps: 10, PSNR: 28.291311267990103, MSE: 96.37163654618475
INFO:root:K: 1, Steps: 50, PSNR: 28.29181940508658, MSE: 96.36036144578313
INFO:root:K: 1, Steps: 100, PSNR: 28.29155424331595, MSE: 96.36624497991968
INFO:root:K: 1, Steps: 150, PSNR: 28.291891807018587, MSE: 96.35875502008032
INFO:root:K: 1, Steps: 200, PSNR: 28.291573247545905, MSE: 96.3658232931727
INFO:root:K: 2, Steps: 5, PSNR: 28.304998776307094, MSE: 96.06838353413654
INFO:root:K: 2, Steps: 10, PSNR: 28.30186266546335, MSE: 96.13778112449799
INFO:root:K: 2, Steps: 50, PSNR: 28.295720873553044, MSE: 96.27383534136546
INFO:root:K: 2, Steps: 100, PSNR: 28.293361374582247, MSE: 96.3261546184739
INFO:root:K: 2, Steps: 150, PSNR: 28.295563714893397, MSE: 96.27731927710843
INFO:root:K: 2, Steps: 200, PSNR: 28.293361374582247, MSE: 96.3261546184739
INFO:root:K: 3, Steps: 5, PSNR: 28.196269990379026, MSE: 98.50388554216867
INFO:root:K: 3, Steps: 10, PSNR: 28.168263004224194, MSE: 99.14117469879518
INFO:root:K: 3, Steps: 50, PSNR: 28.09675981014363, MSE: 100.78696787148594
INFO:root:K: 3, Steps: 100, PSNR: 28.056836544470777, MSE: 101.71774096385542
INFO:root:K: 3, Steps: 150, PSNR: 28.018350087020455, MSE: 102.62315261044176
INFO:root:K: 3, Steps: 200, PSNR: 27.99058727601198, MSE: 103.28128514056225
INFO:root:K: 10, Steps: 5, PSNR: 28.028103403341866, MSE: 102.39294176706828
INFO:root:K: 10, Steps: 10, PSNR: 27.91402018842873, MSE: 105.1183032128514
INFO:root:K: 10, Steps: 50, PSNR: 27.893302344965267, MSE: 105.62096385542169
INFO:root:K: 10, Steps: 100, PSNR: 27.889746003061408, MSE: 105.70748995983936
INFO:root:K: 10, Steps: 150, PSNR: 27.893083548764643, MSE: 105.62628514056225
INFO:root:K: 10, Steps: 200, PSNR: 27.90311243044851, MSE: 105.38265060240964
INFO:root:K: 0.01, Steps: 5, PSNR: 28.296775387674597, MSE: 96.25046184738956
INFO:root:K: 0.01, Steps: 10, PSNR: 28.294213833958104, MSE: 96.30724899598394
INFO:root:K: 0.01, Steps: 50, PSNR: 28.294634013574687, MSE: 96.29793172690763
INFO:root:K: 0.01, Steps: 100, PSNR: 28.295365802712375, MSE: 96.28170682730924
INFO:root:K: 0.01, Steps: 150, PSNR: 28.294920193654573, MSE: 96.29158634538153
INFO:root:K: 0.01, Steps: 200, PSNR: 28.295586812783707, MSE: 96.27680722891566
INFO:root:K: 0.02, Steps: 5, PSNR: 28.296775387674597, MSE: 96.25046184738956
INFO:root:K: 0.02, Steps: 10, PSNR: 28.294213833958104, MSE: 96.30724899598394
INFO:root:K: 0.02, Steps: 50, PSNR: 28.294634013574687, MSE: 96.29793172690763
INFO:root:K: 0.02, Steps: 100, PSNR: 28.295365802712375, MSE: 96.28170682730924
INFO:root:K: 0.02, Steps: 150, PSNR: 28.294920193654573, MSE: 96.29158634538153
INFO:root:K: 0.02, Steps: 200, PSNR: 28.295586812783707, MSE: 96.27680722891566
INFO:root:K: 0.05, Steps: 5, PSNR: 28.296775387674597, MSE: 96.25046184738956
INFO:root:K: 0.05, Steps: 10, PSNR: 28.294213833958104, MSE: 96.30724899598394
INFO:root:K: 0.05, Steps: 50, PSNR: 28.294634013574687, MSE: 96.29793172690763
INFO:root:K: 0.05, Steps: 100, PSNR: 28.295365802712375, MSE: 96.28170682730924
INFO:root:K: 0.05, Steps: 150, PSNR: 28.294920193654573, MSE: 96.29158634538153
INFO:root:K: 0.05, Steps: 200, PSNR: 28.295586812783707, MSE: 96.27680722891566
INFO:root:K: 0.1, Steps: 5, PSNR: 28.296775387674597, MSE: 96.25046184738956
INFO:root:K: 0.1, Steps: 10, PSNR: 28.294213833958104, MSE: 96.30724899598394
INFO:root:K: 0.1, Steps: 50, PSNR: 28.294634013574687, MSE: 96.29793172690763
INFO:root:K: 0.1, Steps: 100, PSNR: 28.295365802712375, MSE: 96.28170682730924
INFO:root:K: 0.1, Steps: 150, PSNR: 28.294920193654573, MSE: 96.29158634538153
INFO:root:K: 0.1, Steps: 200, PSNR: 28.295586812783707, MSE: 96.27680722891566
INFO:root:K: 0.2, Steps: 5, PSNR: 28.296775387674597, MSE: 96.25046184738956
INFO:root:K: 0.2, Steps: 10, PSNR: 28.294213833958104, MSE: 96.30724899598394
INFO:root:K: 0.2, Steps: 50, PSNR: 28.294634013574687, MSE: 96.29793172690763
INFO:root:K: 0.2, Steps: 100, PSNR: 28.295365802712375, MSE: 96.28170682730924
INFO:root:K: 0.2, Steps: 150, PSNR: 28.294920193654573, MSE: 96.29158634538153
INFO:root:K: 0.2, Steps: 200, PSNR: 28.295586812783707, MSE: 96.27680722891566
INFO:root:K: 0.5, Steps: 5, PSNR: 28.29507280055184, MSE: 96.28820281124499
INFO:root:K: 0.5, Steps: 10, PSNR: 28.292368784913194, MSE: 96.34817269076305
INFO:root:K: 0.5, Steps: 50, PSNR: 28.29229999549458, MSE: 96.34969879518073
INFO:root:K: 0.5, Steps: 100, PSNR: 28.294011908648326, MSE: 96.31172690763053
INFO:root:K: 0.5, Steps: 150, PSNR: 28.294446557731803, MSE: 96.30208835341365
INFO:root:K: 0.5, Steps: 200, PSNR: 28.29509770723103, MSE: 96.28765060240964
INFO:root:K: 1, Steps: 5, PSNR: 28.301007343153465, MSE: 96.15671686746988
INFO:root:K: 1, Steps: 10, PSNR: 28.29772503185344, MSE: 96.22941767068274
INFO:root:K: 1, Steps: 50, PSNR: 28.295217714142016, MSE: 96.28498995983935
INFO:root:K: 1, Steps: 100, PSNR: 28.294293520071946, MSE: 96.30548192771084
INFO:root:K: 1, Steps: 150, PSNR: 28.29562666825584, MSE: 96.27592369477911
INFO:root:K: 1, Steps: 200, PSNR: 28.294409429756733, MSE: 96.30291164658635
INFO:root:K: 2, Steps: 5, PSNR: 28.306764288435716, MSE: 96.0293373493976
INFO:root:K: 2, Steps: 10, PSNR: 28.301557433028506, MSE: 96.14453815261044
INFO:root:K: 2, Steps: 50, PSNR: 28.29447055525042, MSE: 96.3015562248996
INFO:root:K: 2, Steps: 100, PSNR: 28.29223030206319, MSE: 96.35124497991968
INFO:root:K: 2, Steps: 150, PSNR: 28.29460593996231, MSE: 96.29855421686747
INFO:root:K: 2, Steps: 200, PSNR: 28.29223030206319, MSE: 96.35124497991968
INFO:root:K: 3, Steps: 5, PSNR: 28.18856566726315, MSE: 98.67878514056225
INFO:root:K: 3, Steps: 10, PSNR: 28.163581049837067, MSE: 99.2481124497992
INFO:root:K: 3, Steps: 50, PSNR: 28.091686680246863, MSE: 100.90476907630521
INFO:root:K: 3, Steps: 100, PSNR: 28.07698593371422, MSE: 101.24690763052209
INFO:root:K: 3, Steps: 150, PSNR: 28.015640115082142, MSE: 102.68720883534137
INFO:root:K: 3, Steps: 200, PSNR: 27.976103471367697, MSE: 103.62630522088354
INFO:root:K: 10, Steps: 5, PSNR: 28.002579109270766, MSE: 102.99649598393574
INFO:root:K: 10, Steps: 10, PSNR: 27.920214361536317, MSE: 104.96848393574297
INFO:root:K: 10, Steps: 50, PSNR: 27.898049219860436, MSE: 105.50558232931726
INFO:root:K: 10, Steps: 100, PSNR: 27.896991752563235, MSE: 105.5312751004016
INFO:root:K: 10, Steps: 150, PSNR: 27.89122505124569, MSE: 105.67149598393574
INFO:root:K: 10, Steps: 200, PSNR: 27.903498078418533, MSE: 105.37329317269077
INFO:root:K: 0.01, Steps: 5, PSNR: 28.304672446260163, MSE: 96.07560240963855
INFO:root:K: 0.01, Steps: 10, PSNR: 28.304672446260163, MSE: 96.07560240963855
INFO:root:K: 0.01, Steps: 50, PSNR: 28.304672446260163, MSE: 96.07560240963855
INFO:root:K: 0.01, Steps: 100, PSNR: 28.304672446260163, MSE: 96.07560240963855
INFO:root:K: 0.01, Steps: 150, PSNR: 28.304672446260163, MSE: 96.07560240963855
INFO:root:K: 0.01, Steps: 200, PSNR: 28.304672446260163, MSE: 96.07560240963855
INFO:root:K: 0.02, Steps: 5, PSNR: 28.304672446260163, MSE: 96.07560240963855
INFO:root:K: 0.02, Steps: 10, PSNR: 28.304672446260163, MSE: 96.07560240963855
INFO:root:K: 0.02, Steps: 50, PSNR: 28.304672446260163, MSE: 96.07560240963855
INFO:root:K: 0.02, Steps: 100, PSNR: 28.304672446260163, MSE: 96.07560240963855
INFO:root:K: 0.02, Steps: 150, PSNR: 28.304672446260163, MSE: 96.07560240963855
INFO:root:K: 0.02, Steps: 200, PSNR: 28.304672446260163, MSE: 96.07560240963855
INFO:root:K: 0.05, Steps: 5, PSNR: 28.304672446260163, MSE: 96.07560240963855
INFO:root:K: 0.05, Steps: 10, PSNR: 28.304672446260163, MSE: 96.07560240963855
INFO:root:K: 0.05, Steps: 50, PSNR: 28.304672446260163, MSE: 96.07560240963855
INFO:root:K: 0.05, Steps: 100, PSNR: 28.304672446260163, MSE: 96.07560240963855
INFO:root:K: 0.05, Steps: 150, PSNR: 28.304672446260163, MSE: 96.07560240963855
INFO:root:K: 0.05, Steps: 200, PSNR: 28.304672446260163, MSE: 96.07560240963855
INFO:root:K: 0.1, Steps: 5, PSNR: 28.304672446260163, MSE: 96.07560240963855
INFO:root:K: 0.1, Steps: 10, PSNR: 28.304672446260163, MSE: 96.07560240963855
INFO:root:K: 0.1, Steps: 50, PSNR: 28.304672446260163, MSE: 96.07560240963855
INFO:root:K: 0.1, Steps: 100, PSNR: 28.304672446260163, MSE: 96.07560240963855
INFO:root:K: 0.1, Steps: 150, PSNR: 28.304672446260163, MSE: 96.07560240963855
INFO:root:K: 0.1, Steps: 200, PSNR: 28.304672446260163, MSE: 96.07560240963855
INFO:root:K: 0.2, Steps: 5, PSNR: 28.304672446260163, MSE: 96.07560240963855
INFO:root:K: 0.2, Steps: 10, PSNR: 28.304672446260163, MSE: 96.07560240963855
INFO:root:K: 0.2, Steps: 50, PSNR: 28.304672446260163, MSE: 96.07560240963855
INFO:root:K: 0.2, Steps: 100, PSNR: 28.304672446260163, MSE: 96.07560240963855
INFO:root:K: 0.2, Steps: 150, PSNR: 28.304672446260163, MSE: 96.07560240963855
INFO:root:K: 0.2, Steps: 200, PSNR: 28.304672446260163, MSE: 96.07560240963855
INFO:root:K: 0.5, Steps: 5, PSNR: 28.304672446260163, MSE: 96.07560240963855
INFO:root:K: 0.5, Steps: 10, PSNR: 28.304672446260163, MSE: 96.07560240963855
INFO:root:K: 0.5, Steps: 50, PSNR: 28.304672446260163, MSE: 96.07560240963855
INFO:root:K: 0.5, Steps: 100, PSNR: 28.304672446260163, MSE: 96.07560240963855
INFO:root:K: 0.5, Steps: 150, PSNR: 28.304672446260163, MSE: 96.07560240963855
INFO:root:K: 0.5, Steps: 200, PSNR: 28.304672446260163, MSE: 96.07560240963855
INFO:root:K: 1, Steps: 5, PSNR: 28.304672446260163, MSE: 96.07560240963855
INFO:root:K: 1, Steps: 10, PSNR: 28.304672446260163, MSE: 96.07560240963855
INFO:root:K: 1, Steps: 50, PSNR: 28.304672446260163, MSE: 96.07560240963855
INFO:root:K: 1, Steps: 100, PSNR: 28.304672446260163, MSE: 96.07560240963855
INFO:root:K: 1, Steps: 150, PSNR: 28.304672446260163, MSE: 96.07560240963855
INFO:root:K: 1, Steps: 200, PSNR: 28.304672446260163, MSE: 96.07560240963855
INFO:root:K: 2, Steps: 5, PSNR: 28.304549000951937, MSE: 96.07833333333333
INFO:root:K: 2, Steps: 10, PSNR: 28.304549000951937, MSE: 96.07833333333333
INFO:root:K: 2, Steps: 50, PSNR: 28.304549000951937, MSE: 96.07833333333333
INFO:root:K: 2, Steps: 100, PSNR: 28.304549000951937, MSE: 96.07833333333333
INFO:root:K: 2, Steps: 150, PSNR: 28.304549000951937, MSE: 96.07833333333333
INFO:root:K: 2, Steps: 200, PSNR: 28.304549000951937, MSE: 96.07833333333333
INFO:root:K: 3, Steps: 5, PSNR: 28.30965357682823, MSE: 95.9654718875502
INFO:root:K: 3, Steps: 10, PSNR: 28.309405952055087, MSE: 95.9709437751004
INFO:root:K: 3, Steps: 50, PSNR: 28.309405952055087, MSE: 95.9709437751004
INFO:root:K: 3, Steps: 100, PSNR: 28.309405952055087, MSE: 95.9709437751004
INFO:root:K: 3, Steps: 150, PSNR: 28.309405952055087, MSE: 95.9709437751004
INFO:root:K: 3, Steps: 200, PSNR: 28.309405952055087, MSE: 95.9709437751004
INFO:root:K: 10, Steps: 5, PSNR: 28.480973956153377, MSE: 92.25352409638555
INFO:root:K: 10, Steps: 10, PSNR: 28.636583139141088, MSE: 89.00656626506024
INFO:root:K: 10, Steps: 50, PSNR: 28.73007391603506, MSE: 87.11099397590361
INFO:root:K: 10, Steps: 100, PSNR: 28.61499723484816, MSE: 89.45006024096385
INFO:root:K: 10, Steps: 150, PSNR: 28.599531186779092, MSE: 89.76917670682731
INFO:root:K: 10, Steps: 200, PSNR: 28.57071808494257, MSE: 90.36672690763052
INFO:root:K: 0.01, Steps: 5, PSNR: 27.447622169484557, MSE: 117.03564257028113
INFO:root:K: 0.01, Steps: 10, PSNR: 27.426879447859488, MSE: 117.59596385542169
INFO:root:K: 0.01, Steps: 50, PSNR: 27.382023359671386, MSE: 118.81684738955823
INFO:root:K: 0.01, Steps: 100, PSNR: 27.364551952659674, MSE: 119.29580321285141
INFO:root:K: 0.01, Steps: 150, PSNR: 27.36070848386393, MSE: 119.40142570281124
INFO:root:K: 0.01, Steps: 200, PSNR: 27.35470020102198, MSE: 119.56672690763052
INFO:root:K: 0.02, Steps: 5, PSNR: 27.447622169484557, MSE: 117.03564257028113
INFO:root:K: 0.02, Steps: 10, PSNR: 27.426879447859488, MSE: 117.59596385542169
INFO:root:K: 0.02, Steps: 50, PSNR: 27.382023359671386, MSE: 118.81684738955823
INFO:root:K: 0.02, Steps: 100, PSNR: 27.364551952659674, MSE: 119.29580321285141
INFO:root:K: 0.02, Steps: 150, PSNR: 27.36070848386393, MSE: 119.40142570281124
INFO:root:K: 0.02, Steps: 200, PSNR: 27.35470020102198, MSE: 119.56672690763052
INFO:root:K: 0.05, Steps: 5, PSNR: 27.447622169484557, MSE: 117.03564257028113
INFO:root:K: 0.05, Steps: 10, PSNR: 27.426879447859488, MSE: 117.59596385542169
INFO:root:K: 0.05, Steps: 50, PSNR: 27.382023359671386, MSE: 118.81684738955823
INFO:root:K: 0.05, Steps: 100, PSNR: 27.364551952659674, MSE: 119.29580321285141
INFO:root:K: 0.05, Steps: 150, PSNR: 27.36070848386393, MSE: 119.40142570281124
INFO:root:K: 0.05, Steps: 200, PSNR: 27.35470020102198, MSE: 119.56672690763052
INFO:root:K: 0.1, Steps: 5, PSNR: 27.447622169484557, MSE: 117.03564257028113
INFO:root:K: 0.1, Steps: 10, PSNR: 27.426879447859488, MSE: 117.59596385542169
INFO:root:K: 0.1, Steps: 50, PSNR: 27.382023359671386, MSE: 118.81684738955823
INFO:root:K: 0.1, Steps: 100, PSNR: 27.364551952659674, MSE: 119.29580321285141
INFO:root:K: 0.1, Steps: 150, PSNR: 27.36070848386393, MSE: 119.40142570281124
INFO:root:K: 0.1, Steps: 200, PSNR: 27.35470020102198, MSE: 119.56672690763052
INFO:root:K: 0.2, Steps: 5, PSNR: 27.447622169484557, MSE: 117.03564257028113
INFO:root:K: 0.2, Steps: 10, PSNR: 27.426879447859488, MSE: 117.59596385542169
INFO:root:K: 0.2, Steps: 50, PSNR: 27.382023359671386, MSE: 118.81684738955823
INFO:root:K: 0.2, Steps: 100, PSNR: 27.364551952659674, MSE: 119.29580321285141
INFO:root:K: 0.2, Steps: 150, PSNR: 27.36070848386393, MSE: 119.40142570281124
INFO:root:K: 0.2, Steps: 200, PSNR: 27.35470020102198, MSE: 119.56672690763052
INFO:root:K: 0.5, Steps: 5, PSNR: 27.646196809209368, MSE: 111.804859437751
INFO:root:K: 0.5, Steps: 10, PSNR: 27.627711608452724, MSE: 112.28175702811245
INFO:root:K: 0.5, Steps: 50, PSNR: 27.59082271441021, MSE: 113.23953815261044
INFO:root:K: 0.5, Steps: 100, PSNR: 27.57308468053171, MSE: 113.70299196787148
INFO:root:K: 0.5, Steps: 150, PSNR: 27.57349043100504, MSE: 113.69236947791164
INFO:root:K: 0.5, Steps: 200, PSNR: 27.572802058224983, MSE: 113.71039156626506
INFO:root:K: 1, Steps: 5, PSNR: 27.6699765059957, MSE: 111.19434738955823
INFO:root:K: 1, Steps: 10, PSNR: 27.658503510752645, MSE: 111.48848393574298
INFO:root:K: 1, Steps: 50, PSNR: 27.63183233139379, MSE: 112.17527108433735
INFO:root:K: 1, Steps: 100, PSNR: 27.625391488972497, MSE: 112.34175702811245
INFO:root:K: 1, Steps: 150, PSNR: 27.62436382683124, MSE: 112.36834337349397
INFO:root:K: 1, Steps: 200, PSNR: 27.623783351772513, MSE: 112.38336345381526
INFO:root:K: 2, Steps: 5, PSNR: 27.674894777406664, MSE: 111.06849397590362
INFO:root:K: 2, Steps: 10, PSNR: 27.68352963375135, MSE: 110.84788152610442
INFO:root:K: 2, Steps: 50, PSNR: 27.694917568838303, MSE: 110.55760040160642
INFO:root:K: 2, Steps: 100, PSNR: 27.697013124537946, MSE: 110.5042670682731
INFO:root:K: 2, Steps: 150, PSNR: 27.694766122066348, MSE: 110.56145582329317
INFO:root:K: 2, Steps: 200, PSNR: 27.696962617329135, MSE: 110.50555220883534
INFO:root:K: 3, Steps: 5, PSNR: 27.74785973716564, MSE: 109.2180421686747
INFO:root:K: 3, Steps: 10, PSNR: 27.784714720682064, MSE: 108.29512048192771
INFO:root:K: 3, Steps: 50, PSNR: 27.85999501537149, MSE: 106.43411646586345
INFO:root:K: 3, Steps: 100, PSNR: 27.891317895338588, MSE: 105.66923694779116
INFO:root:K: 3, Steps: 150, PSNR: 27.908121070744016, MSE: 105.26118473895582
INFO:root:K: 3, Steps: 200, PSNR: 27.9133503259318, MSE: 105.13451807228915
INFO:root:K: 10, Steps: 5, PSNR: 27.8948701564153, MSE: 105.58284136546185
INFO:root:K: 10, Steps: 10, PSNR: 27.906262339379087, MSE: 105.30624497991968
INFO:root:K: 10, Steps: 50, PSNR: 27.879630203869553, MSE: 105.95399598393574
INFO:root:K: 10, Steps: 100, PSNR: 27.897499585730195, MSE: 105.51893574297189
INFO:root:K: 10, Steps: 150, PSNR: 27.902629591196, MSE: 105.39436746987951
INFO:root:K: 10, Steps: 200, PSNR: 27.88321121832514, MSE: 105.86666666666666
INFO:root:K: 0.01, Steps: 5, PSNR: 27.526277572040854, MSE: 114.93508032128514
INFO:root:K: 0.01, Steps: 10, PSNR: 27.526277572040854, MSE: 114.93508032128514
INFO:root:K: 0.01, Steps: 50, PSNR: 27.526277572040854, MSE: 114.93508032128514
INFO:root:K: 0.01, Steps: 100, PSNR: 27.526277572040854, MSE: 114.93508032128514
INFO:root:K: 0.01, Steps: 150, PSNR: 27.526277572040854, MSE: 114.93508032128514
INFO:root:K: 0.01, Steps: 200, PSNR: 27.526277572040854, MSE: 114.93508032128514
INFO:root:K: 0.02, Steps: 5, PSNR: 27.526277572040854, MSE: 114.93508032128514
INFO:root:K: 0.02, Steps: 10, PSNR: 27.526277572040854, MSE: 114.93508032128514
INFO:root:K: 0.02, Steps: 50, PSNR: 27.526277572040854, MSE: 114.93508032128514
INFO:root:K: 0.02, Steps: 100, PSNR: 27.526277572040854, MSE: 114.93508032128514
INFO:root:K: 0.02, Steps: 150, PSNR: 27.526277572040854, MSE: 114.93508032128514
INFO:root:K: 0.02, Steps: 200, PSNR: 27.526277572040854, MSE: 114.93508032128514
INFO:root:K: 0.05, Steps: 5, PSNR: 27.526277572040854, MSE: 114.93508032128514
INFO:root:K: 0.05, Steps: 10, PSNR: 27.526277572040854, MSE: 114.93508032128514
INFO:root:K: 0.05, Steps: 50, PSNR: 27.526277572040854, MSE: 114.93508032128514
INFO:root:K: 0.05, Steps: 100, PSNR: 27.526277572040854, MSE: 114.93508032128514
INFO:root:K: 0.05, Steps: 150, PSNR: 27.526277572040854, MSE: 114.93508032128514
INFO:root:K: 0.05, Steps: 200, PSNR: 27.526277572040854, MSE: 114.93508032128514
INFO:root:K: 0.1, Steps: 5, PSNR: 27.526277572040854, MSE: 114.93508032128514
INFO:root:K: 0.1, Steps: 10, PSNR: 27.526277572040854, MSE: 114.93508032128514
INFO:root:K: 0.1, Steps: 50, PSNR: 27.526277572040854, MSE: 114.93508032128514
INFO:root:K: 0.1, Steps: 100, PSNR: 27.526277572040854, MSE: 114.93508032128514
INFO:root:K: 0.1, Steps: 150, PSNR: 27.526277572040854, MSE: 114.93508032128514
INFO:root:K: 0.1, Steps: 200, PSNR: 27.526277572040854, MSE: 114.93508032128514
INFO:root:K: 0.2, Steps: 5, PSNR: 27.526277572040854, MSE: 114.93508032128514
INFO:root:K: 0.2, Steps: 10, PSNR: 27.526277572040854, MSE: 114.93508032128514
INFO:root:K: 0.2, Steps: 50, PSNR: 27.526277572040854, MSE: 114.93508032128514
INFO:root:K: 0.2, Steps: 100, PSNR: 27.526277572040854, MSE: 114.93508032128514
INFO:root:K: 0.2, Steps: 150, PSNR: 27.526277572040854, MSE: 114.93508032128514
INFO:root:K: 0.2, Steps: 200, PSNR: 27.526277572040854, MSE: 114.93508032128514
INFO:root:K: 0.5, Steps: 5, PSNR: 27.526277572040854, MSE: 114.93508032128514
INFO:root:K: 0.5, Steps: 10, PSNR: 27.526277572040854, MSE: 114.93508032128514
INFO:root:K: 0.5, Steps: 50, PSNR: 27.526277572040854, MSE: 114.93508032128514
INFO:root:K: 0.5, Steps: 100, PSNR: 27.526277572040854, MSE: 114.93508032128514
INFO:root:K: 0.5, Steps: 150, PSNR: 27.526277572040854, MSE: 114.93508032128514
INFO:root:K: 0.5, Steps: 200, PSNR: 27.526277572040854, MSE: 114.93508032128514
INFO:root:K: 1, Steps: 5, PSNR: 27.526277572040854, MSE: 114.93508032128514
INFO:root:K: 1, Steps: 10, PSNR: 27.526277572040854, MSE: 114.93508032128514
INFO:root:K: 1, Steps: 50, PSNR: 27.526277572040854, MSE: 114.93508032128514
INFO:root:K: 1, Steps: 100, PSNR: 27.526277572040854, MSE: 114.93508032128514
INFO:root:K: 1, Steps: 150, PSNR: 27.526277572040854, MSE: 114.93508032128514
INFO:root:K: 1, Steps: 200, PSNR: 27.526277572040854, MSE: 114.93508032128514
INFO:root:K: 2, Steps: 5, PSNR: 27.526637616874694, MSE: 114.92555220883534
INFO:root:K: 2, Steps: 10, PSNR: 27.526637616874694, MSE: 114.92555220883534
INFO:root:K: 2, Steps: 50, PSNR: 27.526637616874694, MSE: 114.92555220883534
INFO:root:K: 2, Steps: 100, PSNR: 27.526637616874694, MSE: 114.92555220883534
INFO:root:K: 2, Steps: 150, PSNR: 27.526637616874694, MSE: 114.92555220883534
INFO:root:K: 2, Steps: 200, PSNR: 27.526637616874694, MSE: 114.92555220883534
INFO:root:K: 3, Steps: 5, PSNR: 27.556266008769775, MSE: 114.14417670682731
INFO:root:K: 3, Steps: 10, PSNR: 27.55578929031787, MSE: 114.15670682730924
INFO:root:K: 3, Steps: 50, PSNR: 27.555769810147844, MSE: 114.15721887550201
INFO:root:K: 3, Steps: 100, PSNR: 27.555769810147844, MSE: 114.15721887550201
INFO:root:K: 3, Steps: 150, PSNR: 27.555769810147844, MSE: 114.15721887550201
INFO:root:K: 3, Steps: 200, PSNR: 27.555769810147844, MSE: 114.15721887550201
INFO:root:K: 10, Steps: 5, PSNR: 27.722624773691752, MSE: 109.8545080321285
INFO:root:K: 10, Steps: 10, PSNR: 27.71406799115273, MSE: 110.07116465863454
INFO:root:K: 10, Steps: 50, PSNR: 27.76660477691174, MSE: 108.74765060240964
INFO:root:K: 10, Steps: 100, PSNR: 27.871667294392868, MSE: 106.1484437751004
INFO:root:K: 10, Steps: 150, PSNR: 27.893743686314735, MSE: 105.61023092369479
INFO:root:K: 10, Steps: 200, PSNR: 27.894118593336348, MSE: 105.60111445783133
INFO:root:K: 0.01, Steps: 5, PSNR: 28.247445841751784, MSE: 97.34995983935742
INFO:root:K: 0.01, Steps: 10, PSNR: 28.235497763415353, MSE: 97.61815261044177
INFO:root:K: 0.01, Steps: 50, PSNR: 28.23520832583277, MSE: 97.62465863453815
INFO:root:K: 0.01, Steps: 100, PSNR: 28.23452232860607, MSE: 97.64008032128514
INFO:root:K: 0.01, Steps: 150, PSNR: 28.233607834161273, MSE: 97.66064257028113
INFO:root:K: 0.01, Steps: 200, PSNR: 28.23406505731302, MSE: 97.65036144578313
INFO:root:K: 0.02, Steps: 5, PSNR: 28.247445841751784, MSE: 97.34995983935742
INFO:root:K: 0.02, Steps: 10, PSNR: 28.235497763415353, MSE: 97.61815261044177
INFO:root:K: 0.02, Steps: 50, PSNR: 28.23520832583277, MSE: 97.62465863453815
INFO:root:K: 0.02, Steps: 100, PSNR: 28.23452232860607, MSE: 97.64008032128514
INFO:root:K: 0.02, Steps: 150, PSNR: 28.233607834161273, MSE: 97.66064257028113
INFO:root:K: 0.02, Steps: 200, PSNR: 28.23406505731302, MSE: 97.65036144578313
INFO:root:K: 0.05, Steps: 5, PSNR: 28.247445841751784, MSE: 97.34995983935742
INFO:root:K: 0.05, Steps: 10, PSNR: 28.235497763415353, MSE: 97.61815261044177
INFO:root:K: 0.05, Steps: 50, PSNR: 28.23520832583277, MSE: 97.62465863453815
INFO:root:K: 0.05, Steps: 100, PSNR: 28.23452232860607, MSE: 97.64008032128514
INFO:root:K: 0.05, Steps: 150, PSNR: 28.233607834161273, MSE: 97.66064257028113
INFO:root:K: 0.05, Steps: 200, PSNR: 28.23406505731302, MSE: 97.65036144578313
INFO:root:K: 0.1, Steps: 5, PSNR: 28.247445841751784, MSE: 97.34995983935742
INFO:root:K: 0.1, Steps: 10, PSNR: 28.235497763415353, MSE: 97.61815261044177
INFO:root:K: 0.1, Steps: 50, PSNR: 28.23520832583277, MSE: 97.62465863453815
INFO:root:K: 0.1, Steps: 100, PSNR: 28.23452232860607, MSE: 97.64008032128514
INFO:root:K: 0.1, Steps: 150, PSNR: 28.233607834161273, MSE: 97.66064257028113
INFO:root:K: 0.1, Steps: 200, PSNR: 28.23406505731302, MSE: 97.65036144578313
INFO:root:K: 0.2, Steps: 5, PSNR: 28.247445841751784, MSE: 97.34995983935742
INFO:root:K: 0.2, Steps: 10, PSNR: 28.235497763415353, MSE: 97.61815261044177
INFO:root:K: 0.2, Steps: 50, PSNR: 28.23520832583277, MSE: 97.62465863453815
INFO:root:K: 0.2, Steps: 100, PSNR: 28.23452232860607, MSE: 97.64008032128514
INFO:root:K: 0.2, Steps: 150, PSNR: 28.233607834161273, MSE: 97.66064257028113
INFO:root:K: 0.2, Steps: 200, PSNR: 28.23406505731302, MSE: 97.65036144578313
INFO:root:K: 0.5, Steps: 5, PSNR: 28.23464469256677, MSE: 97.63732931726908
INFO:root:K: 0.5, Steps: 10, PSNR: 28.22574568363811, MSE: 97.83760040160642
INFO:root:K: 0.5, Steps: 50, PSNR: 28.227640665384698, MSE: 97.79491967871486
INFO:root:K: 0.5, Steps: 100, PSNR: 28.226198959713468, MSE: 97.82738955823294
INFO:root:K: 0.5, Steps: 150, PSNR: 28.226910836805136, MSE: 97.81135542168674
INFO:root:K: 0.5, Steps: 200, PSNR: 28.224885614260256, MSE: 97.85697791164658
INFO:root:K: 1, Steps: 5, PSNR: 28.221204837907486, MSE: 97.93994979919678
INFO:root:K: 1, Steps: 10, PSNR: 28.209353500193615, MSE: 98.20758032128514
INFO:root:K: 1, Steps: 50, PSNR: 28.20669166653491, MSE: 98.26779116465863
INFO:root:K: 1, Steps: 100, PSNR: 28.208208139173692, MSE: 98.23348393574297
INFO:root:K: 1, Steps: 150, PSNR: 28.206723171115513, MSE: 98.26707831325301
INFO:root:K: 1, Steps: 200, PSNR: 28.20820014934383, MSE: 98.23366465863454
INFO:root:K: 2, Steps: 5, PSNR: 28.119269582959735, MSE: 100.26593373493976
INFO:root:K: 2, Steps: 10, PSNR: 28.108909575708676, MSE: 100.5054016064257
INFO:root:K: 2, Steps: 50, PSNR: 28.098392012064522, MSE: 100.74909638554217
INFO:root:K: 2, Steps: 100, PSNR: 28.097851915526547, MSE: 100.7616265060241
INFO:root:K: 2, Steps: 150, PSNR: 28.098350463792258, MSE: 100.75006024096386
INFO:root:K: 2, Steps: 200, PSNR: 28.097851915526547, MSE: 100.7616265060241
INFO:root:K: 3, Steps: 5, PSNR: 27.991473956124253, MSE: 103.26020080321285
INFO:root:K: 3, Steps: 10, PSNR: 27.93695311785314, MSE: 104.56468875502009
INFO:root:K: 3, Steps: 50, PSNR: 27.910806619312453, MSE: 105.19611445783133
INFO:root:K: 3, Steps: 100, PSNR: 27.914309733736026, MSE: 105.11129518072289
INFO:root:K: 3, Steps: 150, PSNR: 27.899825054795603, MSE: 105.46244979919679
INFO:root:K: 3, Steps: 200, PSNR: 27.89291223490572, MSE: 105.63045180722892
INFO:root:K: 10, Steps: 5, PSNR: 27.89670955687022, MSE: 105.53813253012048
INFO:root:K: 10, Steps: 10, PSNR: 27.916743838932984, MSE: 105.05239959839358
INFO:root:K: 10, Steps: 50, PSNR: 27.895340568935517, MSE: 105.57140562248996
INFO:root:K: 10, Steps: 100, PSNR: 27.895680916696488, MSE: 105.56313253012048
INFO:root:K: 10, Steps: 150, PSNR: 27.898796916597085, MSE: 105.48741967871486
INFO:root:K: 10, Steps: 200, PSNR: 27.886731295070536, MSE: 105.7808935742972
INFO:root:K: 0.01, Steps: 5, PSNR: 28.281783515374347, MSE: 96.58329317269076
INFO:root:K: 0.01, Steps: 10, PSNR: 28.281783515374347, MSE: 96.58329317269076
INFO:root:K: 0.01, Steps: 50, PSNR: 28.281783515374347, MSE: 96.58329317269076
INFO:root:K: 0.01, Steps: 100, PSNR: 28.281783515374347, MSE: 96.58329317269076
INFO:root:K: 0.01, Steps: 150, PSNR: 28.281783515374347, MSE: 96.58329317269076
INFO:root:K: 0.01, Steps: 200, PSNR: 28.281783515374347, MSE: 96.58329317269076
INFO:root:K: 0.02, Steps: 5, PSNR: 28.281783515374347, MSE: 96.58329317269076
INFO:root:K: 0.02, Steps: 10, PSNR: 28.281783515374347, MSE: 96.58329317269076
INFO:root:K: 0.02, Steps: 50, PSNR: 28.281783515374347, MSE: 96.58329317269076
INFO:root:K: 0.02, Steps: 100, PSNR: 28.281783515374347, MSE: 96.58329317269076
INFO:root:K: 0.02, Steps: 150, PSNR: 28.281783515374347, MSE: 96.58329317269076
INFO:root:K: 0.02, Steps: 200, PSNR: 28.281783515374347, MSE: 96.58329317269076
INFO:root:K: 0.05, Steps: 5, PSNR: 28.281783515374347, MSE: 96.58329317269076
INFO:root:K: 0.05, Steps: 10, PSNR: 28.281783515374347, MSE: 96.58329317269076
INFO:root:K: 0.05, Steps: 50, PSNR: 28.281783515374347, MSE: 96.58329317269076
INFO:root:K: 0.05, Steps: 100, PSNR: 28.281783515374347, MSE: 96.58329317269076
INFO:root:K: 0.05, Steps: 150, PSNR: 28.281783515374347, MSE: 96.58329317269076
INFO:root:K: 0.05, Steps: 200, PSNR: 28.281783515374347, MSE: 96.58329317269076
INFO:root:K: 0.1, Steps: 5, PSNR: 28.281783515374347, MSE: 96.58329317269076
INFO:root:K: 0.1, Steps: 10, PSNR: 28.281783515374347, MSE: 96.58329317269076
INFO:root:K: 0.1, Steps: 50, PSNR: 28.281783515374347, MSE: 96.58329317269076
INFO:root:K: 0.1, Steps: 100, PSNR: 28.281783515374347, MSE: 96.58329317269076
INFO:root:K: 0.1, Steps: 150, PSNR: 28.281783515374347, MSE: 96.58329317269076
INFO:root:K: 0.1, Steps: 200, PSNR: 28.281783515374347, MSE: 96.58329317269076
INFO:root:K: 0.2, Steps: 5, PSNR: 28.281783515374347, MSE: 96.58329317269076
INFO:root:K: 0.2, Steps: 10, PSNR: 28.281783515374347, MSE: 96.58329317269076
INFO:root:K: 0.2, Steps: 50, PSNR: 28.281783515374347, MSE: 96.58329317269076
INFO:root:K: 0.2, Steps: 100, PSNR: 28.281783515374347, MSE: 96.58329317269076
INFO:root:K: 0.2, Steps: 150, PSNR: 28.281783515374347, MSE: 96.58329317269076
INFO:root:K: 0.2, Steps: 200, PSNR: 28.281783515374347, MSE: 96.58329317269076
INFO:root:K: 0.5, Steps: 5, PSNR: 28.281783515374347, MSE: 96.58329317269076
INFO:root:K: 0.5, Steps: 10, PSNR: 28.281783515374347, MSE: 96.58329317269076
INFO:root:K: 0.5, Steps: 50, PSNR: 28.281783515374347, MSE: 96.58329317269076
INFO:root:K: 0.5, Steps: 100, PSNR: 28.281783515374347, MSE: 96.58329317269076
INFO:root:K: 0.5, Steps: 150, PSNR: 28.281783515374347, MSE: 96.58329317269076
INFO:root:K: 0.5, Steps: 200, PSNR: 28.281783515374347, MSE: 96.58329317269076
INFO:root:K: 1, Steps: 5, PSNR: 28.281783515374347, MSE: 96.58329317269076
INFO:root:K: 1, Steps: 10, PSNR: 28.281783515374347, MSE: 96.58329317269076
INFO:root:K: 1, Steps: 50, PSNR: 28.281783515374347, MSE: 96.58329317269076
INFO:root:K: 1, Steps: 100, PSNR: 28.281783515374347, MSE: 96.58329317269076
INFO:root:K: 1, Steps: 150, PSNR: 28.281783515374347, MSE: 96.58329317269076
INFO:root:K: 1, Steps: 200, PSNR: 28.281783515374347, MSE: 96.58329317269076
INFO:root:K: 2, Steps: 5, PSNR: 28.281446284985165, MSE: 96.59079317269077
INFO:root:K: 2, Steps: 10, PSNR: 28.281446284985165, MSE: 96.59079317269077
INFO:root:K: 2, Steps: 50, PSNR: 28.281446284985165, MSE: 96.59079317269077
INFO:root:K: 2, Steps: 100, PSNR: 28.281446284985165, MSE: 96.59079317269077
INFO:root:K: 2, Steps: 150, PSNR: 28.281446284985165, MSE: 96.59079317269077
INFO:root:K: 2, Steps: 200, PSNR: 28.281446284985165, MSE: 96.59079317269077
INFO:root:K: 3, Steps: 5, PSNR: 28.287770890874228, MSE: 96.45023092369478
INFO:root:K: 3, Steps: 10, PSNR: 28.28798156837202, MSE: 96.44555220883534
INFO:root:K: 3, Steps: 50, PSNR: 28.28798156837202, MSE: 96.44555220883534
INFO:root:K: 3, Steps: 100, PSNR: 28.28798156837202, MSE: 96.44555220883534
INFO:root:K: 3, Steps: 150, PSNR: 28.28798156837202, MSE: 96.44555220883534
INFO:root:K: 3, Steps: 200, PSNR: 28.28798156837202, MSE: 96.44555220883534
INFO:root:K: 10, Steps: 5, PSNR: 28.583831074970757, MSE: 90.09428714859438
INFO:root:K: 10, Steps: 10, PSNR: 28.84899341618537, MSE: 84.75806224899598
INFO:root:K: 10, Steps: 50, PSNR: 28.781293244756174, MSE: 86.0896686746988
INFO:root:K: 10, Steps: 100, PSNR: 28.730222082910657, MSE: 87.10802208835341
INFO:root:K: 10, Steps: 150, PSNR: 28.70709575557266, MSE: 87.5731124497992
INFO:root:K: 10, Steps: 200, PSNR: 28.702028953779827, MSE: 87.67534136546185
INFO:root:K: 0.01, Steps: 5, PSNR: 27.855630436674975, MSE: 106.5411345381526
INFO:root:K: 0.01, Steps: 10, PSNR: 27.854527190627838, MSE: 106.56820281124497
INFO:root:K: 0.01, Steps: 50, PSNR: 27.855761404369446, MSE: 106.53792168674698
INFO:root:K: 0.01, Steps: 100, PSNR: 27.859508753161943, MSE: 106.44603413654619
INFO:root:K: 0.01, Steps: 150, PSNR: 27.85591857081636, MSE: 106.53406626506025
INFO:root:K: 0.01, Steps: 200, PSNR: 27.859351456738874, MSE: 106.44988955823293
INFO:root:K: 0.02, Steps: 5, PSNR: 27.855630436674975, MSE: 106.5411345381526
INFO:root:K: 0.02, Steps: 10, PSNR: 27.854527190627838, MSE: 106.56820281124497
INFO:root:K: 0.02, Steps: 50, PSNR: 27.855761404369446, MSE: 106.53792168674698
INFO:root:K: 0.02, Steps: 100, PSNR: 27.859508753161943, MSE: 106.44603413654619
INFO:root:K: 0.02, Steps: 150, PSNR: 27.85591857081636, MSE: 106.53406626506025
INFO:root:K: 0.02, Steps: 200, PSNR: 27.859351456738874, MSE: 106.44988955823293
INFO:root:K: 0.05, Steps: 5, PSNR: 27.855630436674975, MSE: 106.5411345381526
INFO:root:K: 0.05, Steps: 10, PSNR: 27.854527190627838, MSE: 106.56820281124497
INFO:root:K: 0.05, Steps: 50, PSNR: 27.855761404369446, MSE: 106.53792168674698
INFO:root:K: 0.05, Steps: 100, PSNR: 27.859508753161943, MSE: 106.44603413654619
INFO:root:K: 0.05, Steps: 150, PSNR: 27.85591857081636, MSE: 106.53406626506025
INFO:root:K: 0.05, Steps: 200, PSNR: 27.859351456738874, MSE: 106.44988955823293
INFO:root:K: 0.1, Steps: 5, PSNR: 27.855630436674975, MSE: 106.5411345381526
INFO:root:K: 0.1, Steps: 10, PSNR: 27.854527190627838, MSE: 106.56820281124497
INFO:root:K: 0.1, Steps: 50, PSNR: 27.855761404369446, MSE: 106.53792168674698
INFO:root:K: 0.1, Steps: 100, PSNR: 27.859508753161943, MSE: 106.44603413654619
INFO:root:K: 0.1, Steps: 150, PSNR: 27.85591857081636, MSE: 106.53406626506025
INFO:root:K: 0.1, Steps: 200, PSNR: 27.859351456738874, MSE: 106.44988955823293
INFO:root:K: 0.2, Steps: 5, PSNR: 27.855630436674975, MSE: 106.5411345381526
INFO:root:K: 0.2, Steps: 10, PSNR: 27.854527190627838, MSE: 106.56820281124497
INFO:root:K: 0.2, Steps: 50, PSNR: 27.855761404369446, MSE: 106.53792168674698
INFO:root:K: 0.2, Steps: 100, PSNR: 27.859508753161943, MSE: 106.44603413654619
INFO:root:K: 0.2, Steps: 150, PSNR: 27.85591857081636, MSE: 106.53406626506025
INFO:root:K: 0.2, Steps: 200, PSNR: 27.859351456738874, MSE: 106.44988955823293
INFO:root:K: 0.5, Steps: 5, PSNR: 27.856972224023117, MSE: 106.50822289156626
INFO:root:K: 0.5, Steps: 10, PSNR: 27.854736687607872, MSE: 106.56306224899599
INFO:root:K: 0.5, Steps: 50, PSNR: 27.856469516869208, MSE: 106.52055220883534
INFO:root:K: 0.5, Steps: 100, PSNR: 27.85885420812432, MSE: 106.46207831325302
INFO:root:K: 0.5, Steps: 150, PSNR: 27.856626708944496, MSE: 106.51669678714859
INFO:root:K: 0.5, Steps: 200, PSNR: 27.858696935405902, MSE: 106.46593373493975
INFO:root:K: 1, Steps: 5, PSNR: 27.83256203753818, MSE: 107.10855421686747
INFO:root:K: 1, Steps: 10, PSNR: 27.8283904552249, MSE: 107.2114859437751
INFO:root:K: 1, Steps: 50, PSNR: 27.829549323433312, MSE: 107.18288152610442
INFO:root:K: 1, Steps: 100, PSNR: 27.831620110912908, MSE: 107.13178714859438
INFO:root:K: 1, Steps: 150, PSNR: 27.829875196414715, MSE: 107.17483935742972
INFO:root:K: 1, Steps: 200, PSNR: 27.83156801376024, MSE: 107.13307228915663
INFO:root:K: 2, Steps: 5, PSNR: 27.850780456604856, MSE: 106.66018072289157
INFO:root:K: 2, Steps: 10, PSNR: 27.864358243520915, MSE: 106.32723895582329
INFO:root:K: 2, Steps: 50, PSNR: 27.869591698536077, MSE: 106.19918674698795
INFO:root:K: 2, Steps: 100, PSNR: 27.869381483763593, MSE: 106.20432730923694
INFO:root:K: 2, Steps: 150, PSNR: 27.869591698536077, MSE: 106.19918674698795
INFO:root:K: 2, Steps: 200, PSNR: 27.869381483763593, MSE: 106.20432730923694
INFO:root:K: 3, Steps: 5, PSNR: 27.857366488668486, MSE: 106.49855421686748
INFO:root:K: 3, Steps: 10, PSNR: 27.88674077589382, MSE: 105.78066265060241
INFO:root:K: 3, Steps: 50, PSNR: 27.897459915582253, MSE: 105.51989959839358
INFO:root:K: 3, Steps: 100, PSNR: 27.88893263811059, MSE: 105.72728915662651
INFO:root:K: 3, Steps: 150, PSNR: 27.9004527232064, MSE: 105.44720883534137
INFO:root:K: 3, Steps: 200, PSNR: 27.894719833394284, MSE: 105.58649598393575
INFO:root:K: 10, Steps: 5, PSNR: 27.89881221079805, MSE: 105.48704819277108
INFO:root:K: 10, Steps: 10, PSNR: 27.895416153573592, MSE: 105.56956827309237
INFO:root:K: 10, Steps: 50, PSNR: 27.883534964366756, MSE: 105.8587751004016
INFO:root:K: 10, Steps: 100, PSNR: 27.90446855663127, MSE: 105.34974899598393
INFO:root:K: 10, Steps: 150, PSNR: 27.911872431396958, MSE: 105.17030120481928
INFO:root:K: 10, Steps: 200, PSNR: 27.899480661332863, MSE: 105.47081325301205
INFO:root:K: 0.01, Steps: 5, PSNR: 27.815628398084883, MSE: 107.52699799196787
INFO:root:K: 0.01, Steps: 10, PSNR: 27.815628398084883, MSE: 107.52699799196787
INFO:root:K: 0.01, Steps: 50, PSNR: 27.815628398084883, MSE: 107.52699799196787
INFO:root:K: 0.01, Steps: 100, PSNR: 27.815628398084883, MSE: 107.52699799196787
INFO:root:K: 0.01, Steps: 150, PSNR: 27.815628398084883, MSE: 107.52699799196787
INFO:root:K: 0.01, Steps: 200, PSNR: 27.815628398084883, MSE: 107.52699799196787
INFO:root:K: 0.02, Steps: 5, PSNR: 27.815628398084883, MSE: 107.52699799196787
INFO:root:K: 0.02, Steps: 10, PSNR: 27.815628398084883, MSE: 107.52699799196787
INFO:root:K: 0.02, Steps: 50, PSNR: 27.815628398084883, MSE: 107.52699799196787
INFO:root:K: 0.02, Steps: 100, PSNR: 27.815628398084883, MSE: 107.52699799196787
INFO:root:K: 0.02, Steps: 150, PSNR: 27.815628398084883, MSE: 107.52699799196787
INFO:root:K: 0.02, Steps: 200, PSNR: 27.815628398084883, MSE: 107.52699799196787
INFO:root:K: 0.05, Steps: 5, PSNR: 27.815628398084883, MSE: 107.52699799196787
INFO:root:K: 0.05, Steps: 10, PSNR: 27.815628398084883, MSE: 107.52699799196787
INFO:root:K: 0.05, Steps: 50, PSNR: 27.815628398084883, MSE: 107.52699799196787
INFO:root:K: 0.05, Steps: 100, PSNR: 27.815628398084883, MSE: 107.52699799196787
INFO:root:K: 0.05, Steps: 150, PSNR: 27.815628398084883, MSE: 107.52699799196787
INFO:root:K: 0.05, Steps: 200, PSNR: 27.815628398084883, MSE: 107.52699799196787
INFO:root:K: 0.1, Steps: 5, PSNR: 27.815628398084883, MSE: 107.52699799196787
INFO:root:K: 0.1, Steps: 10, PSNR: 27.815628398084883, MSE: 107.52699799196787
INFO:root:K: 0.1, Steps: 50, PSNR: 27.815628398084883, MSE: 107.52699799196787
INFO:root:K: 0.1, Steps: 100, PSNR: 27.815628398084883, MSE: 107.52699799196787
INFO:root:K: 0.1, Steps: 150, PSNR: 27.815628398084883, MSE: 107.52699799196787
INFO:root:K: 0.1, Steps: 200, PSNR: 27.815628398084883, MSE: 107.52699799196787
INFO:root:K: 0.2, Steps: 5, PSNR: 27.815628398084883, MSE: 107.52699799196787
INFO:root:K: 0.2, Steps: 10, PSNR: 27.815628398084883, MSE: 107.52699799196787
INFO:root:K: 0.2, Steps: 50, PSNR: 27.815628398084883, MSE: 107.52699799196787
INFO:root:K: 0.2, Steps: 100, PSNR: 27.815628398084883, MSE: 107.52699799196787
INFO:root:K: 0.2, Steps: 150, PSNR: 27.815628398084883, MSE: 107.52699799196787
INFO:root:K: 0.2, Steps: 200, PSNR: 27.815628398084883, MSE: 107.52699799196787
INFO:root:K: 0.5, Steps: 5, PSNR: 27.815628398084883, MSE: 107.52699799196787
INFO:root:K: 0.5, Steps: 10, PSNR: 27.815628398084883, MSE: 107.52699799196787
INFO:root:K: 0.5, Steps: 50, PSNR: 27.815628398084883, MSE: 107.52699799196787
INFO:root:K: 0.5, Steps: 100, PSNR: 27.815628398084883, MSE: 107.52699799196787
INFO:root:K: 0.5, Steps: 150, PSNR: 27.815628398084883, MSE: 107.52699799196787
INFO:root:K: 0.5, Steps: 200, PSNR: 27.815628398084883, MSE: 107.52699799196787
INFO:root:K: 1, Steps: 5, PSNR: 27.815628398084883, MSE: 107.52699799196787
INFO:root:K: 1, Steps: 10, PSNR: 27.815628398084883, MSE: 107.52699799196787
INFO:root:K: 1, Steps: 50, PSNR: 27.815628398084883, MSE: 107.52699799196787
INFO:root:K: 1, Steps: 100, PSNR: 27.815628398084883, MSE: 107.52699799196787
INFO:root:K: 1, Steps: 150, PSNR: 27.815628398084883, MSE: 107.52699799196787
INFO:root:K: 1, Steps: 200, PSNR: 27.815628398084883, MSE: 107.52699799196787
INFO:root:K: 2, Steps: 5, PSNR: 27.815628398084883, MSE: 107.52699799196787
INFO:root:K: 2, Steps: 10, PSNR: 27.815628398084883, MSE: 107.52699799196787
INFO:root:K: 2, Steps: 50, PSNR: 27.815628398084883, MSE: 107.52699799196787
INFO:root:K: 2, Steps: 100, PSNR: 27.815628398084883, MSE: 107.52699799196787
INFO:root:K: 2, Steps: 150, PSNR: 27.815628398084883, MSE: 107.52699799196787
INFO:root:K: 2, Steps: 200, PSNR: 27.815628398084883, MSE: 107.52699799196787
INFO:root:K: 3, Steps: 5, PSNR: 27.814338239437568, MSE: 107.55894578313253
INFO:root:K: 3, Steps: 10, PSNR: 27.81448904901265, MSE: 107.55521084337349
INFO:root:K: 3, Steps: 50, PSNR: 27.81448904901265, MSE: 107.55521084337349
INFO:root:K: 3, Steps: 100, PSNR: 27.81448904901265, MSE: 107.55521084337349
INFO:root:K: 3, Steps: 150, PSNR: 27.81448904901265, MSE: 107.55521084337349
INFO:root:K: 3, Steps: 200, PSNR: 27.81448904901265, MSE: 107.55521084337349
INFO:root:K: 10, Steps: 5, PSNR: 27.70241052051332, MSE: 110.36701807228916
INFO:root:K: 10, Steps: 10, PSNR: 27.523038511033594, MSE: 115.02083333333333
INFO:root:K: 10, Steps: 50, PSNR: 27.62087360957856, MSE: 112.45868473895582
INFO:root:K: 10, Steps: 100, PSNR: 27.728438833604336, MSE: 109.70754016064257
INFO:root:K: 10, Steps: 150, PSNR: 27.77152096796438, MSE: 108.62461847389558
INFO:root:K: 10, Steps: 200, PSNR: 27.7778394638602, MSE: 108.46669678714859
INFO:root:K: 0.01, Steps: 5, PSNR: 38.652063942716836, MSE: 8.868985943775101
INFO:root:K: 0.01, Steps: 10, PSNR: 38.65485738052196, MSE: 8.863283132530121
INFO:root:K: 0.01, Steps: 50, PSNR: 38.63933918241794, MSE: 8.895010040160642
INFO:root:K: 0.01, Steps: 100, PSNR: 38.6468752797048, MSE: 8.879588353413654
INFO:root:K: 0.01, Steps: 150, PSNR: 38.63808443660027, MSE: 8.89758032128514
INFO:root:K: 0.01, Steps: 200, PSNR: 38.6468752797048, MSE: 8.879588353413654
INFO:root:K: 0.02, Steps: 5, PSNR: 38.652063942716836, MSE: 8.868985943775101
INFO:root:K: 0.02, Steps: 10, PSNR: 38.65485738052196, MSE: 8.863283132530121
INFO:root:K: 0.02, Steps: 50, PSNR: 38.63933918241794, MSE: 8.895010040160642
INFO:root:K: 0.02, Steps: 100, PSNR: 38.6468752797048, MSE: 8.879588353413654
INFO:root:K: 0.02, Steps: 150, PSNR: 38.63808443660027, MSE: 8.89758032128514
INFO:root:K: 0.02, Steps: 200, PSNR: 38.6468752797048, MSE: 8.879588353413654
INFO:root:K: 0.05, Steps: 5, PSNR: 38.652063942716836, MSE: 8.868985943775101
INFO:root:K: 0.05, Steps: 10, PSNR: 38.65485738052196, MSE: 8.863283132530121
INFO:root:K: 0.05, Steps: 50, PSNR: 38.63933918241794, MSE: 8.895010040160642
INFO:root:K: 0.05, Steps: 100, PSNR: 38.6468752797048, MSE: 8.879588353413654
INFO:root:K: 0.05, Steps: 150, PSNR: 38.63808443660027, MSE: 8.89758032128514
INFO:root:K: 0.05, Steps: 200, PSNR: 38.6468752797048, MSE: 8.879588353413654
INFO:root:K: 0.1, Steps: 5, PSNR: 38.652063942716836, MSE: 8.868985943775101
INFO:root:K: 0.1, Steps: 10, PSNR: 38.65485738052196, MSE: 8.863283132530121
INFO:root:K: 0.1, Steps: 50, PSNR: 38.63933918241794, MSE: 8.895010040160642
INFO:root:K: 0.1, Steps: 100, PSNR: 38.6468752797048, MSE: 8.879588353413654
INFO:root:K: 0.1, Steps: 150, PSNR: 38.63808443660027, MSE: 8.89758032128514
INFO:root:K: 0.1, Steps: 200, PSNR: 38.6468752797048, MSE: 8.879588353413654
INFO:root:K: 0.2, Steps: 5, PSNR: 38.652063942716836, MSE: 8.868985943775101
INFO:root:K: 0.2, Steps: 10, PSNR: 38.65485738052196, MSE: 8.863283132530121
INFO:root:K: 0.2, Steps: 50, PSNR: 38.63933918241794, MSE: 8.895010040160642
INFO:root:K: 0.2, Steps: 100, PSNR: 38.6468752797048, MSE: 8.879588353413654
INFO:root:K: 0.2, Steps: 150, PSNR: 38.63808443660027, MSE: 8.89758032128514
INFO:root:K: 0.2, Steps: 200, PSNR: 38.6468752797048, MSE: 8.879588353413654
INFO:root:K: 0.5, Steps: 5, PSNR: 36.85774510631751, MSE: 13.406204819277109
INFO:root:K: 0.5, Steps: 10, PSNR: 36.747430981052204, MSE: 13.75109437751004
INFO:root:K: 0.5, Steps: 50, PSNR: 36.72370436591735, MSE: 13.826425702811244
INFO:root:K: 0.5, Steps: 100, PSNR: 36.72430991110099, MSE: 13.824497991967872
INFO:root:K: 0.5, Steps: 150, PSNR: 36.724108053324926, MSE: 13.825140562248995
INFO:root:K: 0.5, Steps: 200, PSNR: 36.72390620493067, MSE: 13.82578313253012
INFO:root:K: 1, Steps: 5, PSNR: 32.683387234291175, MSE: 35.054327309236946
INFO:root:K: 1, Steps: 10, PSNR: 32.541823596164, MSE: 36.215793172690766
INFO:root:K: 1, Steps: 50, PSNR: 32.477009437876355, MSE: 36.7603313253012
INFO:root:K: 1, Steps: 100, PSNR: 32.47338958137365, MSE: 36.79098393574297
INFO:root:K: 1, Steps: 150, PSNR: 32.47435205252725, MSE: 36.7828313253012
INFO:root:K: 1, Steps: 200, PSNR: 32.47109094453179, MSE: 36.81046184738956
INFO:root:K: 2, Steps: 5, PSNR: 29.964218625110544, MSE: 65.56295180722891
INFO:root:K: 2, Steps: 10, PSNR: 29.764186689192755, MSE: 68.65334337349398
INFO:root:K: 2, Steps: 50, PSNR: 29.669837577095358, MSE: 70.16113453815261
INFO:root:K: 2, Steps: 100, PSNR: 29.671121126535468, MSE: 70.1404016064257
INFO:root:K: 2, Steps: 150, PSNR: 29.669689045500583, MSE: 70.16353413654619
INFO:root:K: 2, Steps: 200, PSNR: 29.671121126535468, MSE: 70.1404016064257
INFO:root:K: 3, Steps: 5, PSNR: 28.54583303669378, MSE: 90.8860140562249
INFO:root:K: 3, Steps: 10, PSNR: 28.252960854690727, MSE: 97.22641566265061
INFO:root:K: 3, Steps: 50, PSNR: 27.925562599637082, MSE: 104.83929718875503
INFO:root:K: 3, Steps: 100, PSNR: 27.899335966344992, MSE: 105.47432730923695
INFO:root:K: 3, Steps: 150, PSNR: 27.878125478115173, MSE: 105.99071285140562
INFO:root:K: 3, Steps: 200, PSNR: 27.902095510219475, MSE: 105.40732931726907
INFO:root:K: 10, Steps: 5, PSNR: 27.924369097798834, MSE: 104.8681124497992
INFO:root:K: 10, Steps: 10, PSNR: 27.902558431766096, MSE: 105.39609437751004
INFO:root:K: 10, Steps: 50, PSNR: 27.906733573435304, MSE: 105.29481927710843
INFO:root:K: 10, Steps: 100, PSNR: 27.881859242219782, MSE: 105.89962851405622
INFO:root:K: 10, Steps: 150, PSNR: 27.892159359647408, MSE: 105.64876506024096
INFO:root:K: 10, Steps: 200, PSNR: 27.901432447620117, MSE: 105.42342369477912
INFO:root:K: 0.01, Steps: 5, PSNR: 40.337396286896265, MSE: 6.016455823293173
INFO:root:K: 0.01, Steps: 10, PSNR: 40.337396286896265, MSE: 6.016455823293173
INFO:root:K: 0.01, Steps: 50, PSNR: 40.337396286896265, MSE: 6.016455823293173
INFO:root:K: 0.01, Steps: 100, PSNR: 40.337396286896265, MSE: 6.016455823293173
INFO:root:K: 0.01, Steps: 150, PSNR: 40.337396286896265, MSE: 6.016455823293173
INFO:root:K: 0.01, Steps: 200, PSNR: 40.337396286896265, MSE: 6.016455823293173
INFO:root:K: 0.02, Steps: 5, PSNR: 40.337396286896265, MSE: 6.016455823293173
INFO:root:K: 0.02, Steps: 10, PSNR: 40.337396286896265, MSE: 6.016455823293173
INFO:root:K: 0.02, Steps: 50, PSNR: 40.337396286896265, MSE: 6.016455823293173
INFO:root:K: 0.02, Steps: 100, PSNR: 40.337396286896265, MSE: 6.016455823293173
INFO:root:K: 0.02, Steps: 150, PSNR: 40.337396286896265, MSE: 6.016455823293173
INFO:root:K: 0.02, Steps: 200, PSNR: 40.337396286896265, MSE: 6.016455823293173
INFO:root:K: 0.05, Steps: 5, PSNR: 40.337396286896265, MSE: 6.016455823293173
INFO:root:K: 0.05, Steps: 10, PSNR: 40.337396286896265, MSE: 6.016455823293173
INFO:root:K: 0.05, Steps: 50, PSNR: 40.337396286896265, MSE: 6.016455823293173
INFO:root:K: 0.05, Steps: 100, PSNR: 40.337396286896265, MSE: 6.016455823293173
INFO:root:K: 0.05, Steps: 150, PSNR: 40.337396286896265, MSE: 6.016455823293173
INFO:root:K: 0.05, Steps: 200, PSNR: 40.337396286896265, MSE: 6.016455823293173
INFO:root:K: 0.1, Steps: 5, PSNR: 40.337396286896265, MSE: 6.016455823293173
INFO:root:K: 0.1, Steps: 10, PSNR: 40.337396286896265, MSE: 6.016455823293173
INFO:root:K: 0.1, Steps: 50, PSNR: 40.337396286896265, MSE: 6.016455823293173
INFO:root:K: 0.1, Steps: 100, PSNR: 40.337396286896265, MSE: 6.016455823293173
INFO:root:K: 0.1, Steps: 150, PSNR: 40.337396286896265, MSE: 6.016455823293173
INFO:root:K: 0.1, Steps: 200, PSNR: 40.337396286896265, MSE: 6.016455823293173
INFO:root:K: 0.2, Steps: 5, PSNR: 40.337396286896265, MSE: 6.016455823293173
INFO:root:K: 0.2, Steps: 10, PSNR: 40.337396286896265, MSE: 6.016455823293173
INFO:root:K: 0.2, Steps: 50, PSNR: 40.337396286896265, MSE: 6.016455823293173
INFO:root:K: 0.2, Steps: 100, PSNR: 40.337396286896265, MSE: 6.016455823293173
INFO:root:K: 0.2, Steps: 150, PSNR: 40.337396286896265, MSE: 6.016455823293173
INFO:root:K: 0.2, Steps: 200, PSNR: 40.337396286896265, MSE: 6.016455823293173
INFO:root:K: 0.5, Steps: 5, PSNR: 40.337396286896265, MSE: 6.016455823293173
INFO:root:K: 0.5, Steps: 10, PSNR: 40.337396286896265, MSE: 6.016455823293173
INFO:root:K: 0.5, Steps: 50, PSNR: 40.337396286896265, MSE: 6.016455823293173
INFO:root:K: 0.5, Steps: 100, PSNR: 40.337396286896265, MSE: 6.016455823293173
INFO:root:K: 0.5, Steps: 150, PSNR: 40.337396286896265, MSE: 6.016455823293173
INFO:root:K: 0.5, Steps: 200, PSNR: 40.337396286896265, MSE: 6.016455823293173
INFO:root:K: 1, Steps: 5, PSNR: 40.337396286896265, MSE: 6.016455823293173
INFO:root:K: 1, Steps: 10, PSNR: 40.337396286896265, MSE: 6.016455823293173
INFO:root:K: 1, Steps: 50, PSNR: 40.337396286896265, MSE: 6.016455823293173
INFO:root:K: 1, Steps: 100, PSNR: 40.337396286896265, MSE: 6.016455823293173
INFO:root:K: 1, Steps: 150, PSNR: 40.337396286896265, MSE: 6.016455823293173
INFO:root:K: 1, Steps: 200, PSNR: 40.337396286896265, MSE: 6.016455823293173
INFO:root:K: 2, Steps: 5, PSNR: 40.33738903946879, MSE: 6.016465863453815
INFO:root:K: 2, Steps: 10, PSNR: 40.33738903946879, MSE: 6.016465863453815
INFO:root:K: 2, Steps: 50, PSNR: 40.33738903946879, MSE: 6.016465863453815
INFO:root:K: 2, Steps: 100, PSNR: 40.33738903946879, MSE: 6.016465863453815
INFO:root:K: 2, Steps: 150, PSNR: 40.33738903946879, MSE: 6.016465863453815
INFO:root:K: 2, Steps: 200, PSNR: 40.33738903946879, MSE: 6.016465863453815
INFO:root:K: 3, Steps: 5, PSNR: 40.24926193171913, MSE: 6.139799196787148
INFO:root:K: 3, Steps: 10, PSNR: 40.245826001311016, MSE: 6.144658634538152
INFO:root:K: 3, Steps: 50, PSNR: 40.245826001311016, MSE: 6.144658634538152
INFO:root:K: 3, Steps: 100, PSNR: 40.245826001311016, MSE: 6.144658634538152
INFO:root:K: 3, Steps: 150, PSNR: 40.245826001311016, MSE: 6.144658634538152
INFO:root:K: 3, Steps: 200, PSNR: 40.245826001311016, MSE: 6.144658634538152
INFO:root:K: 10, Steps: 5, PSNR: 32.878844634424645, MSE: 33.511656626506024
INFO:root:K: 10, Steps: 10, PSNR: 30.98885726777307, MSE: 51.783885542168676
INFO:root:K: 10, Steps: 50, PSNR: 29.26599942185493, MSE: 76.99817269076306
INFO:root:K: 10, Steps: 100, PSNR: 28.775638381731202, MSE: 86.2018373493976
INFO:root:K: 10, Steps: 150, PSNR: 28.550086790313784, MSE: 90.79703815261044
INFO:root:K: 10, Steps: 200, PSNR: 28.539205355199073, MSE: 91.02481927710843
INFO:root:K: 0.01, Steps: 5, PSNR: 29.147458076811215, MSE: 79.12879518072289
INFO:root:K: 0.01, Steps: 10, PSNR: 29.134877126943497, MSE: 79.35835341365461
INFO:root:K: 0.01, Steps: 50, PSNR: 29.130413449368532, MSE: 79.43995983935743
INFO:root:K: 0.01, Steps: 100, PSNR: 29.12720472158581, MSE: 79.49867469879518
INFO:root:K: 0.01, Steps: 150, PSNR: 29.128784646929876, MSE: 79.46975903614458
INFO:root:K: 0.01, Steps: 200, PSNR: 29.126853705105475, MSE: 79.50510040160643
INFO:root:K: 0.02, Steps: 5, PSNR: 29.147458076811215, MSE: 79.12879518072289
INFO:root:K: 0.02, Steps: 10, PSNR: 29.134877126943497, MSE: 79.35835341365461
INFO:root:K: 0.02, Steps: 50, PSNR: 29.130413449368532, MSE: 79.43995983935743
INFO:root:K: 0.02, Steps: 100, PSNR: 29.12720472158581, MSE: 79.49867469879518
INFO:root:K: 0.02, Steps: 150, PSNR: 29.128784646929876, MSE: 79.46975903614458
INFO:root:K: 0.02, Steps: 200, PSNR: 29.126853705105475, MSE: 79.50510040160643
INFO:root:K: 0.05, Steps: 5, PSNR: 29.147458076811215, MSE: 79.12879518072289
INFO:root:K: 0.05, Steps: 10, PSNR: 29.134877126943497, MSE: 79.35835341365461
INFO:root:K: 0.05, Steps: 50, PSNR: 29.130413449368532, MSE: 79.43995983935743
INFO:root:K: 0.05, Steps: 100, PSNR: 29.12720472158581, MSE: 79.49867469879518
INFO:root:K: 0.05, Steps: 150, PSNR: 29.128784646929876, MSE: 79.46975903614458
INFO:root:K: 0.05, Steps: 200, PSNR: 29.126853705105475, MSE: 79.50510040160643
INFO:root:K: 0.1, Steps: 5, PSNR: 29.147458076811215, MSE: 79.12879518072289
INFO:root:K: 0.1, Steps: 10, PSNR: 29.134877126943497, MSE: 79.35835341365461
INFO:root:K: 0.1, Steps: 50, PSNR: 29.130413449368532, MSE: 79.43995983935743
INFO:root:K: 0.1, Steps: 100, PSNR: 29.12720472158581, MSE: 79.49867469879518
INFO:root:K: 0.1, Steps: 150, PSNR: 29.128784646929876, MSE: 79.46975903614458
INFO:root:K: 0.1, Steps: 200, PSNR: 29.126853705105475, MSE: 79.50510040160643
INFO:root:K: 0.2, Steps: 5, PSNR: 29.147458076811215, MSE: 79.12879518072289
INFO:root:K: 0.2, Steps: 10, PSNR: 29.134877126943497, MSE: 79.35835341365461
INFO:root:K: 0.2, Steps: 50, PSNR: 29.130413449368532, MSE: 79.43995983935743
INFO:root:K: 0.2, Steps: 100, PSNR: 29.12720472158581, MSE: 79.49867469879518
INFO:root:K: 0.2, Steps: 150, PSNR: 29.128784646929876, MSE: 79.46975903614458
INFO:root:K: 0.2, Steps: 200, PSNR: 29.126853705105475, MSE: 79.50510040160643
INFO:root:K: 0.5, Steps: 5, PSNR: 29.13031849229707, MSE: 79.4416967871486
INFO:root:K: 0.5, Steps: 10, PSNR: 29.120656904845895, MSE: 79.61862449799197
INFO:root:K: 0.5, Steps: 50, PSNR: 29.117380948700973, MSE: 79.67870481927712
INFO:root:K: 0.5, Steps: 100, PSNR: 29.11496498186924, MSE: 79.7230421686747
INFO:root:K: 0.5, Steps: 150, PSNR: 29.1168906438376, MSE: 79.68770080321285
INFO:root:K: 0.5, Steps: 200, PSNR: 29.11489497388397, MSE: 79.72432730923695
INFO:root:K: 1, Steps: 5, PSNR: 28.892697576902112, MSE: 83.90939759036145
INFO:root:K: 1, Steps: 10, PSNR: 28.865329108160648, MSE: 84.43984939759036
INFO:root:K: 1, Steps: 50, PSNR: 28.85930289279992, MSE: 84.5570983935743
INFO:root:K: 1, Steps: 100, PSNR: 28.859968162700433, MSE: 84.54414658634538
INFO:root:K: 1, Steps: 150, PSNR: 28.858834170789027, MSE: 84.5662248995984
INFO:root:K: 1, Steps: 200, PSNR: 28.85995630040677, MSE: 84.54437751004016
INFO:root:K: 2, Steps: 5, PSNR: 28.588009350597467, MSE: 90.00765060240964
INFO:root:K: 2, Steps: 10, PSNR: 28.512496789962608, MSE: 91.58633534136546
INFO:root:K: 2, Steps: 50, PSNR: 28.47898265488658, MSE: 92.29583333333333
INFO:root:K: 2, Steps: 100, PSNR: 28.479661125810402, MSE: 92.2814156626506
INFO:root:K: 2, Steps: 150, PSNR: 28.47917730283287, MSE: 92.2916967871486
INFO:root:K: 2, Steps: 200, PSNR: 28.479661125810402, MSE: 92.2814156626506
INFO:root:K: 3, Steps: 5, PSNR: 28.188306293339856, MSE: 98.68467871485944
INFO:root:K: 3, Steps: 10, PSNR: 28.026746436718334, MSE: 102.42493975903615
INFO:root:K: 3, Steps: 50, PSNR: 27.89348688542433, MSE: 105.61647590361446
INFO:root:K: 3, Steps: 100, PSNR: 27.8898631533627, MSE: 105.70463855421687
INFO:root:K: 3, Steps: 150, PSNR: 27.89651785605349, MSE: 105.54279116465864
INFO:root:K: 3, Steps: 200, PSNR: 27.904229745074232, MSE: 105.3555421686747
INFO:root:K: 10, Steps: 5, PSNR: 27.906051584280203, MSE: 105.31135542168674
INFO:root:K: 10, Steps: 10, PSNR: 27.89473511324402, MSE: 105.58612449799197
INFO:root:K: 10, Steps: 50, PSNR: 27.883054708536502, MSE: 105.87048192771084
INFO:root:K: 10, Steps: 100, PSNR: 27.879051211580492, MSE: 105.96812248995984
INFO:root:K: 10, Steps: 150, PSNR: 27.900818284686704, MSE: 105.43833333333333
INFO:root:K: 10, Steps: 200, PSNR: 27.88631663235359, MSE: 105.79099397590362
INFO:root:K: 0.01, Steps: 5, PSNR: 29.308212989814177, MSE: 76.2533734939759
INFO:root:K: 0.01, Steps: 10, PSNR: 29.308212989814177, MSE: 76.2533734939759
INFO:root:K: 0.01, Steps: 50, PSNR: 29.308212989814177, MSE: 76.2533734939759
INFO:root:K: 0.01, Steps: 100, PSNR: 29.308212989814177, MSE: 76.2533734939759
INFO:root:K: 0.01, Steps: 150, PSNR: 29.308212989814177, MSE: 76.2533734939759
INFO:root:K: 0.01, Steps: 200, PSNR: 29.308212989814177, MSE: 76.2533734939759
INFO:root:K: 0.02, Steps: 5, PSNR: 29.308212989814177, MSE: 76.2533734939759
INFO:root:K: 0.02, Steps: 10, PSNR: 29.308212989814177, MSE: 76.2533734939759
INFO:root:K: 0.02, Steps: 50, PSNR: 29.308212989814177, MSE: 76.2533734939759
INFO:root:K: 0.02, Steps: 100, PSNR: 29.308212989814177, MSE: 76.2533734939759
INFO:root:K: 0.02, Steps: 150, PSNR: 29.308212989814177, MSE: 76.2533734939759
INFO:root:K: 0.02, Steps: 200, PSNR: 29.308212989814177, MSE: 76.2533734939759
INFO:root:K: 0.05, Steps: 5, PSNR: 29.308212989814177, MSE: 76.2533734939759
INFO:root:K: 0.05, Steps: 10, PSNR: 29.308212989814177, MSE: 76.2533734939759
INFO:root:K: 0.05, Steps: 50, PSNR: 29.308212989814177, MSE: 76.2533734939759
INFO:root:K: 0.05, Steps: 100, PSNR: 29.308212989814177, MSE: 76.2533734939759
INFO:root:K: 0.05, Steps: 150, PSNR: 29.308212989814177, MSE: 76.2533734939759
INFO:root:K: 0.05, Steps: 200, PSNR: 29.308212989814177, MSE: 76.2533734939759
INFO:root:K: 0.1, Steps: 5, PSNR: 29.308212989814177, MSE: 76.2533734939759
INFO:root:K: 0.1, Steps: 10, PSNR: 29.308212989814177, MSE: 76.2533734939759
INFO:root:K: 0.1, Steps: 50, PSNR: 29.308212989814177, MSE: 76.2533734939759
INFO:root:K: 0.1, Steps: 100, PSNR: 29.308212989814177, MSE: 76.2533734939759
INFO:root:K: 0.1, Steps: 150, PSNR: 29.308212989814177, MSE: 76.2533734939759
INFO:root:K: 0.1, Steps: 200, PSNR: 29.308212989814177, MSE: 76.2533734939759
INFO:root:K: 0.2, Steps: 5, PSNR: 29.308212989814177, MSE: 76.2533734939759
INFO:root:K: 0.2, Steps: 10, PSNR: 29.308212989814177, MSE: 76.2533734939759
INFO:root:K: 0.2, Steps: 50, PSNR: 29.308212989814177, MSE: 76.2533734939759
INFO:root:K: 0.2, Steps: 100, PSNR: 29.308212989814177, MSE: 76.2533734939759
INFO:root:K: 0.2, Steps: 150, PSNR: 29.308212989814177, MSE: 76.2533734939759
INFO:root:K: 0.2, Steps: 200, PSNR: 29.308212989814177, MSE: 76.2533734939759
INFO:root:K: 0.5, Steps: 5, PSNR: 29.308212989814177, MSE: 76.2533734939759
INFO:root:K: 0.5, Steps: 10, PSNR: 29.308212989814177, MSE: 76.2533734939759
INFO:root:K: 0.5, Steps: 50, PSNR: 29.308212989814177, MSE: 76.2533734939759
INFO:root:K: 0.5, Steps: 100, PSNR: 29.308212989814177, MSE: 76.2533734939759
INFO:root:K: 0.5, Steps: 150, PSNR: 29.308212989814177, MSE: 76.2533734939759
INFO:root:K: 0.5, Steps: 200, PSNR: 29.308212989814177, MSE: 76.2533734939759
INFO:root:K: 1, Steps: 5, PSNR: 29.308212989814177, MSE: 76.2533734939759
INFO:root:K: 1, Steps: 10, PSNR: 29.308212989814177, MSE: 76.2533734939759
INFO:root:K: 1, Steps: 50, PSNR: 29.308212989814177, MSE: 76.2533734939759
INFO:root:K: 1, Steps: 100, PSNR: 29.308212989814177, MSE: 76.2533734939759
INFO:root:K: 1, Steps: 150, PSNR: 29.308212989814177, MSE: 76.2533734939759
INFO:root:K: 1, Steps: 200, PSNR: 29.308212989814177, MSE: 76.2533734939759
INFO:root:K: 2, Steps: 5, PSNR: 29.308218708104445, MSE: 76.25327309236948
INFO:root:K: 2, Steps: 10, PSNR: 29.308218708104445, MSE: 76.25327309236948
INFO:root:K: 2, Steps: 50, PSNR: 29.308218708104445, MSE: 76.25327309236948
INFO:root:K: 2, Steps: 100, PSNR: 29.308218708104445, MSE: 76.25327309236948
INFO:root:K: 2, Steps: 150, PSNR: 29.308218708104445, MSE: 76.25327309236948
INFO:root:K: 2, Steps: 200, PSNR: 29.308218708104445, MSE: 76.25327309236948
INFO:root:K: 3, Steps: 5, PSNR: 29.31411999231849, MSE: 76.14972891566265
INFO:root:K: 3, Steps: 10, PSNR: 29.314264291665886, MSE: 76.14719879518073
INFO:root:K: 3, Steps: 50, PSNR: 29.314264291665886, MSE: 76.14719879518073
INFO:root:K: 3, Steps: 100, PSNR: 29.314264291665886, MSE: 76.14719879518073
INFO:root:K: 3, Steps: 150, PSNR: 29.314264291665886, MSE: 76.14719879518073
INFO:root:K: 3, Steps: 200, PSNR: 29.314264291665886, MSE: 76.14719879518073
INFO:root:K: 10, Steps: 5, PSNR: 29.607558256777068, MSE: 71.17451807228916
INFO:root:K: 10, Steps: 10, PSNR: 28.701386446732915, MSE: 87.68831325301205
INFO:root:K: 10, Steps: 50, PSNR: 27.906685122584406, MSE: 105.29599397590361
INFO:root:K: 10, Steps: 100, PSNR: 27.925579236126765, MSE: 104.83889558232931
INFO:root:K: 10, Steps: 150, PSNR: 28.0063672290752, MSE: 102.90669678714859
INFO:root:K: 10, Steps: 200, PSNR: 28.00853256609028, MSE: 102.8554016064257
INFO:root:K: 0.01, Steps: 5, PSNR: 28.624479531015204, MSE: 89.25496987951807
INFO:root:K: 0.01, Steps: 10, PSNR: 28.625304250476088, MSE: 89.23802208835342
INFO:root:K: 0.01, Steps: 50, PSNR: 28.622822748254602, MSE: 89.28902610441767
INFO:root:K: 0.01, Steps: 100, PSNR: 28.605184426708313, MSE: 89.65239959839357
INFO:root:K: 0.01, Steps: 150, PSNR: 28.598166976688297, MSE: 89.79737951807229
INFO:root:K: 0.01, Steps: 200, PSNR: 28.586408550992513, MSE: 90.04083333333334
INFO:root:K: 0.02, Steps: 5, PSNR: 28.624479531015204, MSE: 89.25496987951807
INFO:root:K: 0.02, Steps: 10, PSNR: 28.625304250476088, MSE: 89.23802208835342
INFO:root:K: 0.02, Steps: 50, PSNR: 28.622822748254602, MSE: 89.28902610441767
INFO:root:K: 0.02, Steps: 100, PSNR: 28.605184426708313, MSE: 89.65239959839357
INFO:root:K: 0.02, Steps: 150, PSNR: 28.598166976688297, MSE: 89.79737951807229
INFO:root:K: 0.02, Steps: 200, PSNR: 28.586408550992513, MSE: 90.04083333333334
INFO:root:K: 0.05, Steps: 5, PSNR: 28.624479531015204, MSE: 89.25496987951807
INFO:root:K: 0.05, Steps: 10, PSNR: 28.625304250476088, MSE: 89.23802208835342
INFO:root:K: 0.05, Steps: 50, PSNR: 28.622822748254602, MSE: 89.28902610441767
INFO:root:K: 0.05, Steps: 100, PSNR: 28.605184426708313, MSE: 89.65239959839357
INFO:root:K: 0.05, Steps: 150, PSNR: 28.598166976688297, MSE: 89.79737951807229
INFO:root:K: 0.05, Steps: 200, PSNR: 28.586408550992513, MSE: 90.04083333333334
INFO:root:K: 0.1, Steps: 5, PSNR: 28.624479531015204, MSE: 89.25496987951807
INFO:root:K: 0.1, Steps: 10, PSNR: 28.625304250476088, MSE: 89.23802208835342
INFO:root:K: 0.1, Steps: 50, PSNR: 28.622822748254602, MSE: 89.28902610441767
INFO:root:K: 0.1, Steps: 100, PSNR: 28.605184426708313, MSE: 89.65239959839357
INFO:root:K: 0.1, Steps: 150, PSNR: 28.598166976688297, MSE: 89.79737951807229
INFO:root:K: 0.1, Steps: 200, PSNR: 28.586408550992513, MSE: 90.04083333333334
INFO:root:K: 0.2, Steps: 5, PSNR: 28.624479531015204, MSE: 89.25496987951807
INFO:root:K: 0.2, Steps: 10, PSNR: 28.625304250476088, MSE: 89.23802208835342
INFO:root:K: 0.2, Steps: 50, PSNR: 28.622822748254602, MSE: 89.28902610441767
INFO:root:K: 0.2, Steps: 100, PSNR: 28.605184426708313, MSE: 89.65239959839357
INFO:root:K: 0.2, Steps: 150, PSNR: 28.598166976688297, MSE: 89.79737951807229
INFO:root:K: 0.2, Steps: 200, PSNR: 28.586408550992513, MSE: 90.04083333333334
INFO:root:K: 0.5, Steps: 5, PSNR: 28.6303761991904, MSE: 89.13386546184739
INFO:root:K: 0.5, Steps: 10, PSNR: 28.62873819323433, MSE: 89.16748995983936
INFO:root:K: 0.5, Steps: 50, PSNR: 28.621472683754984, MSE: 89.31678714859437
INFO:root:K: 0.5, Steps: 100, PSNR: 28.606563492765602, MSE: 89.62393574297188
INFO:root:K: 0.5, Steps: 150, PSNR: 28.585937384118942, MSE: 90.05060240963856
INFO:root:K: 0.5, Steps: 200, PSNR: 28.5557760104901, MSE: 90.67817269076305
INFO:root:K: 1, Steps: 5, PSNR: 28.73527379213996, MSE: 87.00675702811245
INFO:root:K: 1, Steps: 10, PSNR: 28.728071155863688, MSE: 87.15117469879517
INFO:root:K: 1, Steps: 50, PSNR: 28.72677050707294, MSE: 87.17727911646587
INFO:root:K: 1, Steps: 100, PSNR: 28.720527315319053, MSE: 87.30269076305221
INFO:root:K: 1, Steps: 150, PSNR: 28.70943060311424, MSE: 87.52604417670683
INFO:root:K: 1, Steps: 200, PSNR: 28.700118619593304, MSE: 87.7139156626506
INFO:root:K: 2, Steps: 5, PSNR: 28.497994397783103, MSE: 91.89268072289157
INFO:root:K: 2, Steps: 10, PSNR: 28.49048894194631, MSE: 92.05162650602409
INFO:root:K: 2, Steps: 50, PSNR: 28.47861558771718, MSE: 92.30363453815261
INFO:root:K: 2, Steps: 100, PSNR: 28.47674152497018, MSE: 92.34347389558233
INFO:root:K: 2, Steps: 150, PSNR: 28.47861558771718, MSE: 92.30363453815261
INFO:root:K: 2, Steps: 200, PSNR: 28.47674152497018, MSE: 92.34347389558233
INFO:root:K: 3, Steps: 5, PSNR: 28.3030139430742, MSE: 96.11229919678715
INFO:root:K: 3, Steps: 10, PSNR: 28.282320339047157, MSE: 96.57135542168675
INFO:root:K: 3, Steps: 50, PSNR: 28.201449116551384, MSE: 98.3864859437751
INFO:root:K: 3, Steps: 100, PSNR: 28.11300484270425, MSE: 100.41067269076305
INFO:root:K: 3, Steps: 150, PSNR: 28.027428060396254, MSE: 102.40886546184738
INFO:root:K: 3, Steps: 200, PSNR: 27.948917573711075, MSE: 104.27701807228915
INFO:root:K: 10, Steps: 5, PSNR: 28.06905638561718, MSE: 101.43193775100401
INFO:root:K: 10, Steps: 10, PSNR: 27.908691108543046, MSE: 105.24736947791165
INFO:root:K: 10, Steps: 50, PSNR: 27.89750082542816, MSE: 105.51890562248995
INFO:root:K: 10, Steps: 100, PSNR: 27.90008925988904, MSE: 105.45603413654618
INFO:root:K: 10, Steps: 150, PSNR: 27.902855074997206, MSE: 105.38889558232931
INFO:root:K: 10, Steps: 200, PSNR: 27.889183808088205, MSE: 105.72117469879518
INFO:root:K: 0.01, Steps: 5, PSNR: 28.658197601502614, MSE: 88.56468875502009
INFO:root:K: 0.01, Steps: 10, PSNR: 28.658197601502614, MSE: 88.56468875502009
INFO:root:K: 0.01, Steps: 50, PSNR: 28.658197601502614, MSE: 88.56468875502009
INFO:root:K: 0.01, Steps: 100, PSNR: 28.658197601502614, MSE: 88.56468875502009
INFO:root:K: 0.01, Steps: 150, PSNR: 28.658197601502614, MSE: 88.56468875502009
INFO:root:K: 0.01, Steps: 200, PSNR: 28.658197601502614, MSE: 88.56468875502009
INFO:root:K: 0.02, Steps: 5, PSNR: 28.658197601502614, MSE: 88.56468875502009
INFO:root:K: 0.02, Steps: 10, PSNR: 28.658197601502614, MSE: 88.56468875502009
INFO:root:K: 0.02, Steps: 50, PSNR: 28.658197601502614, MSE: 88.56468875502009
INFO:root:K: 0.02, Steps: 100, PSNR: 28.658197601502614, MSE: 88.56468875502009
INFO:root:K: 0.02, Steps: 150, PSNR: 28.658197601502614, MSE: 88.56468875502009
INFO:root:K: 0.02, Steps: 200, PSNR: 28.658197601502614, MSE: 88.56468875502009
INFO:root:K: 0.05, Steps: 5, PSNR: 28.658197601502614, MSE: 88.56468875502009
INFO:root:K: 0.05, Steps: 10, PSNR: 28.658197601502614, MSE: 88.56468875502009
INFO:root:K: 0.05, Steps: 50, PSNR: 28.658197601502614, MSE: 88.56468875502009
INFO:root:K: 0.05, Steps: 100, PSNR: 28.658197601502614, MSE: 88.56468875502009
INFO:root:K: 0.05, Steps: 150, PSNR: 28.658197601502614, MSE: 88.56468875502009
INFO:root:K: 0.05, Steps: 200, PSNR: 28.658197601502614, MSE: 88.56468875502009
INFO:root:K: 0.1, Steps: 5, PSNR: 28.658197601502614, MSE: 88.56468875502009
INFO:root:K: 0.1, Steps: 10, PSNR: 28.658197601502614, MSE: 88.56468875502009
INFO:root:K: 0.1, Steps: 50, PSNR: 28.658197601502614, MSE: 88.56468875502009
INFO:root:K: 0.1, Steps: 100, PSNR: 28.658197601502614, MSE: 88.56468875502009
INFO:root:K: 0.1, Steps: 150, PSNR: 28.658197601502614, MSE: 88.56468875502009
INFO:root:K: 0.1, Steps: 200, PSNR: 28.658197601502614, MSE: 88.56468875502009
INFO:root:K: 0.2, Steps: 5, PSNR: 28.658197601502614, MSE: 88.56468875502009
INFO:root:K: 0.2, Steps: 10, PSNR: 28.658197601502614, MSE: 88.56468875502009
INFO:root:K: 0.2, Steps: 50, PSNR: 28.658197601502614, MSE: 88.56468875502009
INFO:root:K: 0.2, Steps: 100, PSNR: 28.658197601502614, MSE: 88.56468875502009
INFO:root:K: 0.2, Steps: 150, PSNR: 28.658197601502614, MSE: 88.56468875502009
INFO:root:K: 0.2, Steps: 200, PSNR: 28.658197601502614, MSE: 88.56468875502009
INFO:root:K: 0.5, Steps: 5, PSNR: 28.658197601502614, MSE: 88.56468875502009
INFO:root:K: 0.5, Steps: 10, PSNR: 28.658197601502614, MSE: 88.56468875502009
INFO:root:K: 0.5, Steps: 50, PSNR: 28.658197601502614, MSE: 88.56468875502009
INFO:root:K: 0.5, Steps: 100, PSNR: 28.658197601502614, MSE: 88.56468875502009
INFO:root:K: 0.5, Steps: 150, PSNR: 28.658197601502614, MSE: 88.56468875502009
INFO:root:K: 0.5, Steps: 200, PSNR: 28.658197601502614, MSE: 88.56468875502009
INFO:root:K: 1, Steps: 5, PSNR: 28.658197601502614, MSE: 88.56468875502009
INFO:root:K: 1, Steps: 10, PSNR: 28.658197601502614, MSE: 88.56468875502009
INFO:root:K: 1, Steps: 50, PSNR: 28.658197601502614, MSE: 88.56468875502009
INFO:root:K: 1, Steps: 100, PSNR: 28.658197601502614, MSE: 88.56468875502009
INFO:root:K: 1, Steps: 150, PSNR: 28.658197601502614, MSE: 88.56468875502009
INFO:root:K: 1, Steps: 200, PSNR: 28.658197601502614, MSE: 88.56468875502009
INFO:root:K: 2, Steps: 5, PSNR: 28.657775687345453, MSE: 88.57329317269077
INFO:root:K: 2, Steps: 10, PSNR: 28.657775687345453, MSE: 88.57329317269077
INFO:root:K: 2, Steps: 50, PSNR: 28.657775687345453, MSE: 88.57329317269077
INFO:root:K: 2, Steps: 100, PSNR: 28.657775687345453, MSE: 88.57329317269077
INFO:root:K: 2, Steps: 150, PSNR: 28.657775687345453, MSE: 88.57329317269077
INFO:root:K: 2, Steps: 200, PSNR: 28.657775687345453, MSE: 88.57329317269077
INFO:root:K: 3, Steps: 5, PSNR: 28.652773443390128, MSE: 88.67537148594377
INFO:root:K: 3, Steps: 10, PSNR: 28.65310782900671, MSE: 88.66854417670683
INFO:root:K: 3, Steps: 50, PSNR: 28.65310782900671, MSE: 88.66854417670683
INFO:root:K: 3, Steps: 100, PSNR: 28.65310782900671, MSE: 88.66854417670683
INFO:root:K: 3, Steps: 150, PSNR: 28.65310782900671, MSE: 88.66854417670683
INFO:root:K: 3, Steps: 200, PSNR: 28.65310782900671, MSE: 88.66854417670683
INFO:root:K: 10, Steps: 5, PSNR: 28.591187996132916, MSE: 89.94179718875502
INFO:root:K: 10, Steps: 10, PSNR: 28.53215540799479, MSE: 91.17270080321285
INFO:root:K: 10, Steps: 50, PSNR: 28.265009757155134, MSE: 96.95704819277108
INFO:root:K: 10, Steps: 100, PSNR: 28.101074014804283, MSE: 100.68689759036144
INFO:root:K: 10, Steps: 150, PSNR: 28.234340128805222, MSE: 97.64417670682731
INFO:root:K: 10, Steps: 200, PSNR: 28.403429372932298, MSE: 93.91553212851406
INFO:root:K: 0.01, Steps: 5, PSNR: 28.000443818983406, MSE: 103.0471485943775
INFO:root:K: 0.01, Steps: 10, PSNR: 28.002136728038394, MSE: 103.00698795180723
INFO:root:K: 0.01, Steps: 50, PSNR: 28.003179888565896, MSE: 102.98224899598394
INFO:root:K: 0.01, Steps: 100, PSNR: 28.003112143261855, MSE: 102.98385542168674
INFO:root:K: 0.01, Steps: 150, PSNR: 28.004589230530478, MSE: 102.94883534136547
INFO:root:K: 0.01, Steps: 200, PSNR: 28.003718501331715, MSE: 102.96947791164659
INFO:root:K: 0.02, Steps: 5, PSNR: 28.000443818983406, MSE: 103.0471485943775
INFO:root:K: 0.02, Steps: 10, PSNR: 28.002136728038394, MSE: 103.00698795180723
INFO:root:K: 0.02, Steps: 50, PSNR: 28.003179888565896, MSE: 102.98224899598394
INFO:root:K: 0.02, Steps: 100, PSNR: 28.003112143261855, MSE: 102.98385542168674
INFO:root:K: 0.02, Steps: 150, PSNR: 28.004589230530478, MSE: 102.94883534136547
INFO:root:K: 0.02, Steps: 200, PSNR: 28.003718501331715, MSE: 102.96947791164659
INFO:root:K: 0.05, Steps: 5, PSNR: 28.000443818983406, MSE: 103.0471485943775
INFO:root:K: 0.05, Steps: 10, PSNR: 28.002136728038394, MSE: 103.00698795180723
INFO:root:K: 0.05, Steps: 50, PSNR: 28.003179888565896, MSE: 102.98224899598394
INFO:root:K: 0.05, Steps: 100, PSNR: 28.003112143261855, MSE: 102.98385542168674
INFO:root:K: 0.05, Steps: 150, PSNR: 28.004589230530478, MSE: 102.94883534136547
INFO:root:K: 0.05, Steps: 200, PSNR: 28.003718501331715, MSE: 102.96947791164659
INFO:root:K: 0.1, Steps: 5, PSNR: 28.000443818983406, MSE: 103.0471485943775
INFO:root:K: 0.1, Steps: 10, PSNR: 28.002136728038394, MSE: 103.00698795180723
INFO:root:K: 0.1, Steps: 50, PSNR: 28.003179888565896, MSE: 102.98224899598394
INFO:root:K: 0.1, Steps: 100, PSNR: 28.003112143261855, MSE: 102.98385542168674
INFO:root:K: 0.1, Steps: 150, PSNR: 28.004589230530478, MSE: 102.94883534136547
INFO:root:K: 0.1, Steps: 200, PSNR: 28.003718501331715, MSE: 102.96947791164659
INFO:root:K: 0.2, Steps: 5, PSNR: 28.000443818983406, MSE: 103.0471485943775
INFO:root:K: 0.2, Steps: 10, PSNR: 28.002136728038394, MSE: 103.00698795180723
INFO:root:K: 0.2, Steps: 50, PSNR: 28.003179888565896, MSE: 102.98224899598394
INFO:root:K: 0.2, Steps: 100, PSNR: 28.003112143261855, MSE: 102.98385542168674
INFO:root:K: 0.2, Steps: 150, PSNR: 28.004589230530478, MSE: 102.94883534136547
INFO:root:K: 0.2, Steps: 200, PSNR: 28.003718501331715, MSE: 102.96947791164659
INFO:root:K: 0.5, Steps: 5, PSNR: 27.990536191863832, MSE: 103.2825
INFO:root:K: 0.5, Steps: 10, PSNR: 27.98737478822749, MSE: 103.3577108433735
INFO:root:K: 0.5, Steps: 50, PSNR: 27.987769679635015, MSE: 103.34831325301205
INFO:root:K: 0.5, Steps: 100, PSNR: 27.98939434357086, MSE: 103.30965863453815
INFO:root:K: 0.5, Steps: 150, PSNR: 27.988259968716992, MSE: 103.33664658634538
INFO:root:K: 0.5, Steps: 200, PSNR: 27.98917824932505, MSE: 103.31479919678715
INFO:root:K: 1, Steps: 5, PSNR: 27.94233329494226, MSE: 104.43523092369477
INFO:root:K: 1, Steps: 10, PSNR: 27.941101366298703, MSE: 104.464859437751
INFO:root:K: 1, Steps: 50, PSNR: 27.9399887145369, MSE: 104.49162650602409
INFO:root:K: 1, Steps: 100, PSNR: 27.94087221852845, MSE: 104.47037148594377
INFO:root:K: 1, Steps: 150, PSNR: 27.940031278865117, MSE: 104.49060240963856
INFO:root:K: 1, Steps: 200, PSNR: 27.941366842220848, MSE: 104.45847389558233
INFO:root:K: 2, Steps: 5, PSNR: 27.954970388888924, MSE: 104.13178714859438
INFO:root:K: 2, Steps: 10, PSNR: 27.944295249969166, MSE: 104.38806224899598
INFO:root:K: 2, Steps: 50, PSNR: 27.948967334335187, MSE: 104.27582329317269
INFO:root:K: 2, Steps: 100, PSNR: 27.9484153996597, MSE: 104.28907630522089
INFO:root:K: 2, Steps: 150, PSNR: 27.948843561064336, MSE: 104.2787951807229
INFO:root:K: 2, Steps: 200, PSNR: 27.9485224360536, MSE: 104.28650602409638
INFO:root:K: 3, Steps: 5, PSNR: 27.910272360766175, MSE: 105.2090562248996
INFO:root:K: 3, Steps: 10, PSNR: 27.892326103660743, MSE: 105.64470883534136
INFO:root:K: 3, Steps: 50, PSNR: 27.860246565800395, MSE: 106.42795180722892
INFO:root:K: 3, Steps: 100, PSNR: 27.883768933271774, MSE: 105.85307228915663
INFO:root:K: 3, Steps: 150, PSNR: 27.894004218490526, MSE: 105.60389558232932
INFO:root:K: 3, Steps: 200, PSNR: 27.901263699251707, MSE: 105.42752008032129
INFO:root:K: 10, Steps: 5, PSNR: 27.9055253622696, MSE: 105.32411646586345
INFO:root:K: 10, Steps: 10, PSNR: 27.88644729217807, MSE: 105.78781124497992
INFO:root:K: 10, Steps: 50, PSNR: 27.913063747591615, MSE: 105.14145582329317
INFO:root:K: 10, Steps: 100, PSNR: 27.905246751254985, MSE: 105.3308734939759
INFO:root:K: 10, Steps: 150, PSNR: 27.893860531617545, MSE: 105.60738955823294
INFO:root:K: 10, Steps: 200, PSNR: 27.913889940817636, MSE: 105.12145582329318
INFO:root:K: 0.01, Steps: 5, PSNR: 27.995879639634673, MSE: 103.15550200803213
INFO:root:K: 0.01, Steps: 10, PSNR: 27.995879639634673, MSE: 103.15550200803213
INFO:root:K: 0.01, Steps: 50, PSNR: 27.995879639634673, MSE: 103.15550200803213
INFO:root:K: 0.01, Steps: 100, PSNR: 27.995879639634673, MSE: 103.15550200803213
INFO:root:K: 0.01, Steps: 150, PSNR: 27.995879639634673, MSE: 103.15550200803213
INFO:root:K: 0.01, Steps: 200, PSNR: 27.995879639634673, MSE: 103.15550200803213
INFO:root:K: 0.02, Steps: 5, PSNR: 27.995879639634673, MSE: 103.15550200803213
INFO:root:K: 0.02, Steps: 10, PSNR: 27.995879639634673, MSE: 103.15550200803213
INFO:root:K: 0.02, Steps: 50, PSNR: 27.995879639634673, MSE: 103.15550200803213
INFO:root:K: 0.02, Steps: 100, PSNR: 27.995879639634673, MSE: 103.15550200803213
INFO:root:K: 0.02, Steps: 150, PSNR: 27.995879639634673, MSE: 103.15550200803213
INFO:root:K: 0.02, Steps: 200, PSNR: 27.995879639634673, MSE: 103.15550200803213
INFO:root:K: 0.05, Steps: 5, PSNR: 27.995879639634673, MSE: 103.15550200803213
INFO:root:K: 0.05, Steps: 10, PSNR: 27.995879639634673, MSE: 103.15550200803213
INFO:root:K: 0.05, Steps: 50, PSNR: 27.995879639634673, MSE: 103.15550200803213
INFO:root:K: 0.05, Steps: 100, PSNR: 27.995879639634673, MSE: 103.15550200803213
INFO:root:K: 0.05, Steps: 150, PSNR: 27.995879639634673, MSE: 103.15550200803213
INFO:root:K: 0.05, Steps: 200, PSNR: 27.995879639634673, MSE: 103.15550200803213
INFO:root:K: 0.1, Steps: 5, PSNR: 27.995879639634673, MSE: 103.15550200803213
INFO:root:K: 0.1, Steps: 10, PSNR: 27.995879639634673, MSE: 103.15550200803213
INFO:root:K: 0.1, Steps: 50, PSNR: 27.995879639634673, MSE: 103.15550200803213
INFO:root:K: 0.1, Steps: 100, PSNR: 27.995879639634673, MSE: 103.15550200803213
INFO:root:K: 0.1, Steps: 150, PSNR: 27.995879639634673, MSE: 103.15550200803213
INFO:root:K: 0.1, Steps: 200, PSNR: 27.995879639634673, MSE: 103.15550200803213
INFO:root:K: 0.2, Steps: 5, PSNR: 27.995879639634673, MSE: 103.15550200803213
INFO:root:K: 0.2, Steps: 10, PSNR: 27.995879639634673, MSE: 103.15550200803213
INFO:root:K: 0.2, Steps: 50, PSNR: 27.995879639634673, MSE: 103.15550200803213
INFO:root:K: 0.2, Steps: 100, PSNR: 27.995879639634673, MSE: 103.15550200803213
INFO:root:K: 0.2, Steps: 150, PSNR: 27.995879639634673, MSE: 103.15550200803213
INFO:root:K: 0.2, Steps: 200, PSNR: 27.995879639634673, MSE: 103.15550200803213
INFO:root:K: 0.5, Steps: 5, PSNR: 27.995879639634673, MSE: 103.15550200803213
INFO:root:K: 0.5, Steps: 10, PSNR: 27.995879639634673, MSE: 103.15550200803213
INFO:root:K: 0.5, Steps: 50, PSNR: 27.995879639634673, MSE: 103.15550200803213
INFO:root:K: 0.5, Steps: 100, PSNR: 27.995879639634673, MSE: 103.15550200803213
INFO:root:K: 0.5, Steps: 150, PSNR: 27.995879639634673, MSE: 103.15550200803213
INFO:root:K: 0.5, Steps: 200, PSNR: 27.995879639634673, MSE: 103.15550200803213
INFO:root:K: 1, Steps: 5, PSNR: 27.995879639634673, MSE: 103.15550200803213
INFO:root:K: 1, Steps: 10, PSNR: 27.995879639634673, MSE: 103.15550200803213
INFO:root:K: 1, Steps: 50, PSNR: 27.995879639634673, MSE: 103.15550200803213
INFO:root:K: 1, Steps: 100, PSNR: 27.995879639634673, MSE: 103.15550200803213
INFO:root:K: 1, Steps: 150, PSNR: 27.995879639634673, MSE: 103.15550200803213
INFO:root:K: 1, Steps: 200, PSNR: 27.995879639634673, MSE: 103.15550200803213
INFO:root:K: 2, Steps: 5, PSNR: 27.995852586898486, MSE: 103.15614457831326
INFO:root:K: 2, Steps: 10, PSNR: 27.995852586898486, MSE: 103.15614457831326
INFO:root:K: 2, Steps: 50, PSNR: 27.995852586898486, MSE: 103.15614457831326
INFO:root:K: 2, Steps: 100, PSNR: 27.995852586898486, MSE: 103.15614457831326
INFO:root:K: 2, Steps: 150, PSNR: 27.995852586898486, MSE: 103.15614457831326
INFO:root:K: 2, Steps: 200, PSNR: 27.995852586898486, MSE: 103.15614457831326
INFO:root:K: 3, Steps: 5, PSNR: 27.99318238125814, MSE: 103.21958835341366
INFO:root:K: 3, Steps: 10, PSNR: 27.993078462783995, MSE: 103.22205823293173
INFO:root:K: 3, Steps: 50, PSNR: 27.993078462783995, MSE: 103.22205823293173
INFO:root:K: 3, Steps: 100, PSNR: 27.993078462783995, MSE: 103.22205823293173
INFO:root:K: 3, Steps: 150, PSNR: 27.993078462783995, MSE: 103.22205823293173
INFO:root:K: 3, Steps: 200, PSNR: 27.993078462783995, MSE: 103.22205823293173
INFO:root:K: 10, Steps: 5, PSNR: 28.00073199014313, MSE: 103.04031124497992
INFO:root:K: 10, Steps: 10, PSNR: 27.979552289899814, MSE: 103.54404618473896
INFO:root:K: 10, Steps: 50, PSNR: 27.929328646549724, MSE: 104.74842369477912
INFO:root:K: 10, Steps: 100, PSNR: 28.17246924054198, MSE: 99.04520080321285
INFO:root:K: 10, Steps: 150, PSNR: 28.213848186139995, MSE: 98.10599397590362
INFO:root:K: 10, Steps: 200, PSNR: 28.303388242076657, MSE: 96.10401606425702
INFO:root:K: 0.01, Steps: 5, PSNR: 28.413276936714603, MSE: 93.70282128514056
INFO:root:K: 0.01, Steps: 10, PSNR: 28.410846669909414, MSE: 93.75527108433735
INFO:root:K: 0.01, Steps: 50, PSNR: 28.40578952622982, MSE: 93.86450803212851
INFO:root:K: 0.01, Steps: 100, PSNR: 28.404607896011722, MSE: 93.89005020080322
INFO:root:K: 0.01, Steps: 150, PSNR: 28.404585604191887, MSE: 93.89053212851405
INFO:root:K: 0.01, Steps: 200, PSNR: 28.404496438056736, MSE: 93.89245983935743
INFO:root:K: 0.02, Steps: 5, PSNR: 28.413276936714603, MSE: 93.70282128514056
INFO:root:K: 0.02, Steps: 10, PSNR: 28.410846669909414, MSE: 93.75527108433735
INFO:root:K: 0.02, Steps: 50, PSNR: 28.40578952622982, MSE: 93.86450803212851
INFO:root:K: 0.02, Steps: 100, PSNR: 28.404607896011722, MSE: 93.89005020080322
INFO:root:K: 0.02, Steps: 150, PSNR: 28.404585604191887, MSE: 93.89053212851405
INFO:root:K: 0.02, Steps: 200, PSNR: 28.404496438056736, MSE: 93.89245983935743
INFO:root:K: 0.05, Steps: 5, PSNR: 28.413276936714603, MSE: 93.70282128514056
INFO:root:K: 0.05, Steps: 10, PSNR: 28.410846669909414, MSE: 93.75527108433735
INFO:root:K: 0.05, Steps: 50, PSNR: 28.40578952622982, MSE: 93.86450803212851
INFO:root:K: 0.05, Steps: 100, PSNR: 28.404607896011722, MSE: 93.89005020080322
INFO:root:K: 0.05, Steps: 150, PSNR: 28.404585604191887, MSE: 93.89053212851405
INFO:root:K: 0.05, Steps: 200, PSNR: 28.404496438056736, MSE: 93.89245983935743
INFO:root:K: 0.1, Steps: 5, PSNR: 28.413276936714603, MSE: 93.70282128514056
INFO:root:K: 0.1, Steps: 10, PSNR: 28.410846669909414, MSE: 93.75527108433735
INFO:root:K: 0.1, Steps: 50, PSNR: 28.40578952622982, MSE: 93.86450803212851
INFO:root:K: 0.1, Steps: 100, PSNR: 28.404607896011722, MSE: 93.89005020080322
INFO:root:K: 0.1, Steps: 150, PSNR: 28.404585604191887, MSE: 93.89053212851405
INFO:root:K: 0.1, Steps: 200, PSNR: 28.404496438056736, MSE: 93.89245983935743
INFO:root:K: 0.2, Steps: 5, PSNR: 28.413276936714603, MSE: 93.70282128514056
INFO:root:K: 0.2, Steps: 10, PSNR: 28.410846669909414, MSE: 93.75527108433735
INFO:root:K: 0.2, Steps: 50, PSNR: 28.40578952622982, MSE: 93.86450803212851
INFO:root:K: 0.2, Steps: 100, PSNR: 28.404607896011722, MSE: 93.89005020080322
INFO:root:K: 0.2, Steps: 150, PSNR: 28.404585604191887, MSE: 93.89053212851405
INFO:root:K: 0.2, Steps: 200, PSNR: 28.404496438056736, MSE: 93.89245983935743
INFO:root:K: 0.5, Steps: 5, PSNR: 28.39766256662081, MSE: 94.04032128514056
INFO:root:K: 0.5, Steps: 10, PSNR: 28.39173717317305, MSE: 94.16871485943776
INFO:root:K: 0.5, Steps: 50, PSNR: 28.387895179641426, MSE: 94.25205823293173
INFO:root:K: 0.5, Steps: 100, PSNR: 28.38888624694587, MSE: 94.23055220883535
INFO:root:K: 0.5, Steps: 150, PSNR: 28.388216256979824, MSE: 94.24509036144579
INFO:root:K: 0.5, Steps: 200, PSNR: 28.3891342804952, MSE: 94.22517068273092
INFO:root:K: 1, Steps: 5, PSNR: 28.35340415912278, MSE: 95.00357429718875
INFO:root:K: 1, Steps: 10, PSNR: 28.343564424767422, MSE: 95.21906626506023
INFO:root:K: 1, Steps: 50, PSNR: 28.33270487431317, MSE: 95.45745983935743
INFO:root:K: 1, Steps: 100, PSNR: 28.330854818474478, MSE: 95.49813253012049
INFO:root:K: 1, Steps: 150, PSNR: 28.331639774301514, MSE: 95.4808734939759
INFO:root:K: 1, Steps: 200, PSNR: 28.330938375959825, MSE: 95.4962951807229
INFO:root:K: 2, Steps: 5, PSNR: 28.234853255146447, MSE: 97.632640562249
INFO:root:K: 2, Steps: 10, PSNR: 28.21074076813046, MSE: 98.17621485943775
INFO:root:K: 2, Steps: 50, PSNR: 28.197061983757557, MSE: 98.48592369477912
INFO:root:K: 2, Steps: 100, PSNR: 28.197623417015087, MSE: 98.47319277108434
INFO:root:K: 2, Steps: 150, PSNR: 28.197226686937945, MSE: 98.48218875502008
INFO:root:K: 2, Steps: 200, PSNR: 28.197623417015087, MSE: 98.47319277108434
INFO:root:K: 3, Steps: 5, PSNR: 28.064943923338262, MSE: 101.52803212851406
INFO:root:K: 3, Steps: 10, PSNR: 27.97610052590958, MSE: 103.62637550200803
INFO:root:K: 3, Steps: 50, PSNR: 27.895052698507584, MSE: 105.57840361445783
INFO:root:K: 3, Steps: 100, PSNR: 27.88070321027063, MSE: 105.92782128514057
INFO:root:K: 3, Steps: 150, PSNR: 27.911104655545806, MSE: 105.18889558232932
INFO:root:K: 3, Steps: 200, PSNR: 27.905379637785842, MSE: 105.32765060240963
INFO:root:K: 10, Steps: 5, PSNR: 27.88877385998657, MSE: 105.7311546184739
INFO:root:K: 10, Steps: 10, PSNR: 27.90222044039567, MSE: 105.40429718875502
INFO:root:K: 10, Steps: 50, PSNR: 27.889246912188455, MSE: 105.71963855421687
INFO:root:K: 10, Steps: 100, PSNR: 27.889924204772246, MSE: 105.70315261044176
INFO:root:K: 10, Steps: 150, PSNR: 27.893995960495506, MSE: 105.60409638554216
INFO:root:K: 10, Steps: 200, PSNR: 27.905031905932596, MSE: 105.33608433734939
INFO:root:K: 0.01, Steps: 5, PSNR: 28.498023817413497, MSE: 91.89205823293173
INFO:root:K: 0.01, Steps: 10, PSNR: 28.498023817413497, MSE: 91.89205823293173
INFO:root:K: 0.01, Steps: 50, PSNR: 28.498023817413497, MSE: 91.89205823293173
INFO:root:K: 0.01, Steps: 100, PSNR: 28.498023817413497, MSE: 91.89205823293173
INFO:root:K: 0.01, Steps: 150, PSNR: 28.498023817413497, MSE: 91.89205823293173
INFO:root:K: 0.01, Steps: 200, PSNR: 28.498023817413497, MSE: 91.89205823293173
INFO:root:K: 0.02, Steps: 5, PSNR: 28.498023817413497, MSE: 91.89205823293173
INFO:root:K: 0.02, Steps: 10, PSNR: 28.498023817413497, MSE: 91.89205823293173
INFO:root:K: 0.02, Steps: 50, PSNR: 28.498023817413497, MSE: 91.89205823293173
INFO:root:K: 0.02, Steps: 100, PSNR: 28.498023817413497, MSE: 91.89205823293173
INFO:root:K: 0.02, Steps: 150, PSNR: 28.498023817413497, MSE: 91.89205823293173
INFO:root:K: 0.02, Steps: 200, PSNR: 28.498023817413497, MSE: 91.89205823293173
INFO:root:K: 0.05, Steps: 5, PSNR: 28.498023817413497, MSE: 91.89205823293173
INFO:root:K: 0.05, Steps: 10, PSNR: 28.498023817413497, MSE: 91.89205823293173
INFO:root:K: 0.05, Steps: 50, PSNR: 28.498023817413497, MSE: 91.89205823293173
INFO:root:K: 0.05, Steps: 100, PSNR: 28.498023817413497, MSE: 91.89205823293173
INFO:root:K: 0.05, Steps: 150, PSNR: 28.498023817413497, MSE: 91.89205823293173
INFO:root:K: 0.05, Steps: 200, PSNR: 28.498023817413497, MSE: 91.89205823293173
INFO:root:K: 0.1, Steps: 5, PSNR: 28.498023817413497, MSE: 91.89205823293173
INFO:root:K: 0.1, Steps: 10, PSNR: 28.498023817413497, MSE: 91.89205823293173
INFO:root:K: 0.1, Steps: 50, PSNR: 28.498023817413497, MSE: 91.89205823293173
INFO:root:K: 0.1, Steps: 100, PSNR: 28.498023817413497, MSE: 91.89205823293173
INFO:root:K: 0.1, Steps: 150, PSNR: 28.498023817413497, MSE: 91.89205823293173
INFO:root:K: 0.1, Steps: 200, PSNR: 28.498023817413497, MSE: 91.89205823293173
INFO:root:K: 0.2, Steps: 5, PSNR: 28.498023817413497, MSE: 91.89205823293173
INFO:root:K: 0.2, Steps: 10, PSNR: 28.498023817413497, MSE: 91.89205823293173
INFO:root:K: 0.2, Steps: 50, PSNR: 28.498023817413497, MSE: 91.89205823293173
INFO:root:K: 0.2, Steps: 100, PSNR: 28.498023817413497, MSE: 91.89205823293173
INFO:root:K: 0.2, Steps: 150, PSNR: 28.498023817413497, MSE: 91.89205823293173
INFO:root:K: 0.2, Steps: 200, PSNR: 28.498023817413497, MSE: 91.89205823293173
INFO:root:K: 0.5, Steps: 5, PSNR: 28.498023817413497, MSE: 91.89205823293173
INFO:root:K: 0.5, Steps: 10, PSNR: 28.498023817413497, MSE: 91.89205823293173
INFO:root:K: 0.5, Steps: 50, PSNR: 28.498023817413497, MSE: 91.89205823293173
INFO:root:K: 0.5, Steps: 100, PSNR: 28.498023817413497, MSE: 91.89205823293173
INFO:root:K: 0.5, Steps: 150, PSNR: 28.498023817413497, MSE: 91.89205823293173
INFO:root:K: 0.5, Steps: 200, PSNR: 28.498023817413497, MSE: 91.89205823293173
INFO:root:K: 1, Steps: 5, PSNR: 28.498023817413497, MSE: 91.89205823293173
INFO:root:K: 1, Steps: 10, PSNR: 28.498023817413497, MSE: 91.89205823293173
INFO:root:K: 1, Steps: 50, PSNR: 28.498023817413497, MSE: 91.89205823293173
INFO:root:K: 1, Steps: 100, PSNR: 28.498023817413497, MSE: 91.89205823293173
INFO:root:K: 1, Steps: 150, PSNR: 28.498023817413497, MSE: 91.89205823293173
INFO:root:K: 1, Steps: 200, PSNR: 28.498023817413497, MSE: 91.89205823293173
INFO:root:K: 2, Steps: 5, PSNR: 28.498097367361392, MSE: 91.89050200803213
INFO:root:K: 2, Steps: 10, PSNR: 28.498097367361392, MSE: 91.89050200803213
INFO:root:K: 2, Steps: 50, PSNR: 28.498097367361392, MSE: 91.89050200803213
INFO:root:K: 2, Steps: 100, PSNR: 28.498097367361392, MSE: 91.89050200803213
INFO:root:K: 2, Steps: 150, PSNR: 28.498097367361392, MSE: 91.89050200803213
INFO:root:K: 2, Steps: 200, PSNR: 28.498097367361392, MSE: 91.89050200803213
INFO:root:K: 3, Steps: 5, PSNR: 28.5019151332374, MSE: 91.80975903614458
INFO:root:K: 3, Steps: 10, PSNR: 28.501607384879915, MSE: 91.81626506024097
INFO:root:K: 3, Steps: 50, PSNR: 28.501607384879915, MSE: 91.81626506024097
INFO:root:K: 3, Steps: 100, PSNR: 28.501607384879915, MSE: 91.81626506024097
INFO:root:K: 3, Steps: 150, PSNR: 28.501607384879915, MSE: 91.81626506024097
INFO:root:K: 3, Steps: 200, PSNR: 28.501607384879915, MSE: 91.81626506024097
INFO:root:K: 10, Steps: 5, PSNR: 28.70592681123493, MSE: 87.59668674698796
INFO:root:K: 10, Steps: 10, PSNR: 28.83679954365844, MSE: 84.99637550200804
INFO:root:K: 10, Steps: 50, PSNR: 28.34928501463548, MSE: 95.0937248995984
INFO:root:K: 10, Steps: 100, PSNR: 28.156102423142258, MSE: 99.41916666666667
INFO:root:K: 10, Steps: 150, PSNR: 28.174330982979924, MSE: 99.00275100401606
INFO:root:K: 10, Steps: 200, PSNR: 28.105334421470705, MSE: 100.58817269076305
INFO:root:K: 0.01, Steps: 5, PSNR: 28.03113309322001, MSE: 102.32153614457832
INFO:root:K: 0.01, Steps: 10, PSNR: 28.029606056191447, MSE: 102.35752008032128
INFO:root:K: 0.01, Steps: 50, PSNR: 28.028798443436393, MSE: 102.3765562248996
INFO:root:K: 0.01, Steps: 100, PSNR: 28.029861661134483, MSE: 102.35149598393575
INFO:root:K: 0.01, Steps: 150, PSNR: 28.02852586543594, MSE: 102.38298192771084
INFO:root:K: 0.01, Steps: 200, PSNR: 28.029589016396788, MSE: 102.35792168674699
INFO:root:K: 0.02, Steps: 5, PSNR: 28.03113309322001, MSE: 102.32153614457832
INFO:root:K: 0.02, Steps: 10, PSNR: 28.029606056191447, MSE: 102.35752008032128
INFO:root:K: 0.02, Steps: 50, PSNR: 28.028798443436393, MSE: 102.3765562248996
INFO:root:K: 0.02, Steps: 100, PSNR: 28.029861661134483, MSE: 102.35149598393575
INFO:root:K: 0.02, Steps: 150, PSNR: 28.02852586543594, MSE: 102.38298192771084
INFO:root:K: 0.02, Steps: 200, PSNR: 28.029589016396788, MSE: 102.35792168674699
INFO:root:K: 0.05, Steps: 5, PSNR: 28.03113309322001, MSE: 102.32153614457832
INFO:root:K: 0.05, Steps: 10, PSNR: 28.029606056191447, MSE: 102.35752008032128
INFO:root:K: 0.05, Steps: 50, PSNR: 28.028798443436393, MSE: 102.3765562248996
INFO:root:K: 0.05, Steps: 100, PSNR: 28.029861661134483, MSE: 102.35149598393575
INFO:root:K: 0.05, Steps: 150, PSNR: 28.02852586543594, MSE: 102.38298192771084
INFO:root:K: 0.05, Steps: 200, PSNR: 28.029589016396788, MSE: 102.35792168674699
INFO:root:K: 0.1, Steps: 5, PSNR: 28.03113309322001, MSE: 102.32153614457832
INFO:root:K: 0.1, Steps: 10, PSNR: 28.029606056191447, MSE: 102.35752008032128
INFO:root:K: 0.1, Steps: 50, PSNR: 28.028798443436393, MSE: 102.3765562248996
INFO:root:K: 0.1, Steps: 100, PSNR: 28.029861661134483, MSE: 102.35149598393575
INFO:root:K: 0.1, Steps: 150, PSNR: 28.02852586543594, MSE: 102.38298192771084
INFO:root:K: 0.1, Steps: 200, PSNR: 28.029589016396788, MSE: 102.35792168674699
INFO:root:K: 0.2, Steps: 5, PSNR: 28.03113309322001, MSE: 102.32153614457832
INFO:root:K: 0.2, Steps: 10, PSNR: 28.029606056191447, MSE: 102.35752008032128
INFO:root:K: 0.2, Steps: 50, PSNR: 28.028798443436393, MSE: 102.3765562248996
INFO:root:K: 0.2, Steps: 100, PSNR: 28.029861661134483, MSE: 102.35149598393575
INFO:root:K: 0.2, Steps: 150, PSNR: 28.02852586543594, MSE: 102.38298192771084
INFO:root:K: 0.2, Steps: 200, PSNR: 28.029589016396788, MSE: 102.35792168674699
INFO:root:K: 0.5, Steps: 5, PSNR: 28.02651102253968, MSE: 102.43049196787149
INFO:root:K: 0.5, Steps: 10, PSNR: 28.028158338124367, MSE: 102.39164658634539
INFO:root:K: 0.5, Steps: 50, PSNR: 28.02577846801298, MSE: 102.44777108433735
INFO:root:K: 0.5, Steps: 100, PSNR: 28.026541246792554, MSE: 102.42977911646587
INFO:root:K: 0.5, Steps: 150, PSNR: 28.02577846801298, MSE: 102.44777108433735
INFO:root:K: 0.5, Steps: 200, PSNR: 28.026214325196477, MSE: 102.43748995983935
INFO:root:K: 1, Steps: 5, PSNR: 28.004501556797813, MSE: 102.95091365461847
INFO:root:K: 1, Steps: 10, PSNR: 28.001957248407635, MSE: 103.01124497991968
INFO:root:K: 1, Steps: 50, PSNR: 28.004045004323594, MSE: 102.96173694779117
INFO:root:K: 1, Steps: 100, PSNR: 28.00393659075077, MSE: 102.96430722891566
INFO:root:K: 1, Steps: 150, PSNR: 28.004045004323594, MSE: 102.96173694779117
INFO:root:K: 1, Steps: 200, PSNR: 28.00393659075077, MSE: 102.96430722891566
INFO:root:K: 2, Steps: 5, PSNR: 27.98449729983934, MSE: 103.42621485943775
INFO:root:K: 2, Steps: 10, PSNR: 27.975193840548144, MSE: 103.64801204819277
INFO:root:K: 2, Steps: 50, PSNR: 27.975759707816287, MSE: 103.63450803212851
INFO:root:K: 2, Steps: 100, PSNR: 27.97552619974835, MSE: 103.64008032128514
INFO:root:K: 2, Steps: 150, PSNR: 27.975741615751517, MSE: 103.63493975903614
INFO:root:K: 2, Steps: 200, PSNR: 27.97552619974835, MSE: 103.64008032128514
INFO:root:K: 3, Steps: 5, PSNR: 27.92621687762296, MSE: 104.82350401606426
INFO:root:K: 3, Steps: 10, PSNR: 27.91735818266002, MSE: 105.03754016064256
INFO:root:K: 3, Steps: 50, PSNR: 27.903478215884054, MSE: 105.3737751004016
INFO:root:K: 3, Steps: 100, PSNR: 27.908533677835283, MSE: 105.25118473895583
INFO:root:K: 3, Steps: 150, PSNR: 27.884601107923356, MSE: 105.83279116465863
INFO:root:K: 3, Steps: 200, PSNR: 27.905997758487878, MSE: 105.31266064257028
INFO:root:K: 10, Steps: 5, PSNR: 27.900880317403377, MSE: 105.43682730923695
INFO:root:K: 10, Steps: 10, PSNR: 27.902341237228402, MSE: 105.40136546184739
INFO:root:K: 10, Steps: 50, PSNR: 27.894529046283377, MSE: 105.59113453815262
INFO:root:K: 10, Steps: 100, PSNR: 27.888761487909008, MSE: 105.73145582329317
INFO:root:K: 10, Steps: 150, PSNR: 27.90587644587898, MSE: 105.31560240963856
INFO:root:K: 10, Steps: 200, PSNR: 27.88593456766052, MSE: 105.80030120481928
INFO:root:K: 0.01, Steps: 5, PSNR: 28.078239790983627, MSE: 101.21768072289157
INFO:root:K: 0.01, Steps: 10, PSNR: 28.078239790983627, MSE: 101.21768072289157
INFO:root:K: 0.01, Steps: 50, PSNR: 28.078239790983627, MSE: 101.21768072289157
INFO:root:K: 0.01, Steps: 100, PSNR: 28.078239790983627, MSE: 101.21768072289157
INFO:root:K: 0.01, Steps: 150, PSNR: 28.078239790983627, MSE: 101.21768072289157
INFO:root:K: 0.01, Steps: 200, PSNR: 28.078239790983627, MSE: 101.21768072289157
INFO:root:K: 0.02, Steps: 5, PSNR: 28.078239790983627, MSE: 101.21768072289157
INFO:root:K: 0.02, Steps: 10, PSNR: 28.078239790983627, MSE: 101.21768072289157
INFO:root:K: 0.02, Steps: 50, PSNR: 28.078239790983627, MSE: 101.21768072289157
INFO:root:K: 0.02, Steps: 100, PSNR: 28.078239790983627, MSE: 101.21768072289157
INFO:root:K: 0.02, Steps: 150, PSNR: 28.078239790983627, MSE: 101.21768072289157
INFO:root:K: 0.02, Steps: 200, PSNR: 28.078239790983627, MSE: 101.21768072289157
INFO:root:K: 0.05, Steps: 5, PSNR: 28.078239790983627, MSE: 101.21768072289157
INFO:root:K: 0.05, Steps: 10, PSNR: 28.078239790983627, MSE: 101.21768072289157
INFO:root:K: 0.05, Steps: 50, PSNR: 28.078239790983627, MSE: 101.21768072289157
INFO:root:K: 0.05, Steps: 100, PSNR: 28.078239790983627, MSE: 101.21768072289157
INFO:root:K: 0.05, Steps: 150, PSNR: 28.078239790983627, MSE: 101.21768072289157
INFO:root:K: 0.05, Steps: 200, PSNR: 28.078239790983627, MSE: 101.21768072289157
INFO:root:K: 0.1, Steps: 5, PSNR: 28.078239790983627, MSE: 101.21768072289157
INFO:root:K: 0.1, Steps: 10, PSNR: 28.078239790983627, MSE: 101.21768072289157
INFO:root:K: 0.1, Steps: 50, PSNR: 28.078239790983627, MSE: 101.21768072289157
INFO:root:K: 0.1, Steps: 100, PSNR: 28.078239790983627, MSE: 101.21768072289157
INFO:root:K: 0.1, Steps: 150, PSNR: 28.078239790983627, MSE: 101.21768072289157
INFO:root:K: 0.1, Steps: 200, PSNR: 28.078239790983627, MSE: 101.21768072289157
INFO:root:K: 0.2, Steps: 5, PSNR: 28.078239790983627, MSE: 101.21768072289157
INFO:root:K: 0.2, Steps: 10, PSNR: 28.078239790983627, MSE: 101.21768072289157
INFO:root:K: 0.2, Steps: 50, PSNR: 28.078239790983627, MSE: 101.21768072289157
INFO:root:K: 0.2, Steps: 100, PSNR: 28.078239790983627, MSE: 101.21768072289157
INFO:root:K: 0.2, Steps: 150, PSNR: 28.078239790983627, MSE: 101.21768072289157
INFO:root:K: 0.2, Steps: 200, PSNR: 28.078239790983627, MSE: 101.21768072289157
INFO:root:K: 0.5, Steps: 5, PSNR: 28.078239790983627, MSE: 101.21768072289157
INFO:root:K: 0.5, Steps: 10, PSNR: 28.078239790983627, MSE: 101.21768072289157
INFO:root:K: 0.5, Steps: 50, PSNR: 28.078239790983627, MSE: 101.21768072289157
INFO:root:K: 0.5, Steps: 100, PSNR: 28.078239790983627, MSE: 101.21768072289157
INFO:root:K: 0.5, Steps: 150, PSNR: 28.078239790983627, MSE: 101.21768072289157
INFO:root:K: 0.5, Steps: 200, PSNR: 28.078239790983627, MSE: 101.21768072289157
INFO:root:K: 1, Steps: 5, PSNR: 28.078239790983627, MSE: 101.21768072289157
INFO:root:K: 1, Steps: 10, PSNR: 28.078239790983627, MSE: 101.21768072289157
INFO:root:K: 1, Steps: 50, PSNR: 28.078239790983627, MSE: 101.21768072289157
INFO:root:K: 1, Steps: 100, PSNR: 28.078239790983627, MSE: 101.21768072289157
INFO:root:K: 1, Steps: 150, PSNR: 28.078239790983627, MSE: 101.21768072289157
INFO:root:K: 1, Steps: 200, PSNR: 28.078239790983627, MSE: 101.21768072289157
INFO:root:K: 2, Steps: 5, PSNR: 28.078239790983627, MSE: 101.21768072289157
INFO:root:K: 2, Steps: 10, PSNR: 28.078239790983627, MSE: 101.21768072289157
INFO:root:K: 2, Steps: 50, PSNR: 28.078239790983627, MSE: 101.21768072289157
INFO:root:K: 2, Steps: 100, PSNR: 28.078239790983627, MSE: 101.21768072289157
INFO:root:K: 2, Steps: 150, PSNR: 28.078239790983627, MSE: 101.21768072289157
INFO:root:K: 2, Steps: 200, PSNR: 28.078239790983627, MSE: 101.21768072289157
INFO:root:K: 3, Steps: 5, PSNR: 28.077097047633618, MSE: 101.2443172690763
INFO:root:K: 3, Steps: 10, PSNR: 28.077319714702973, MSE: 101.23912650602409
INFO:root:K: 3, Steps: 50, PSNR: 28.077319714702973, MSE: 101.23912650602409
INFO:root:K: 3, Steps: 100, PSNR: 28.077319714702973, MSE: 101.23912650602409
INFO:root:K: 3, Steps: 150, PSNR: 28.077319714702973, MSE: 101.23912650602409
INFO:root:K: 3, Steps: 200, PSNR: 28.077319714702973, MSE: 101.23912650602409
INFO:root:K: 10, Steps: 5, PSNR: 27.965754947746532, MSE: 103.87352409638554
INFO:root:K: 10, Steps: 10, PSNR: 27.83192212390706, MSE: 107.12433734939759
INFO:root:K: 10, Steps: 50, PSNR: 27.79478512043992, MSE: 108.04429718875502
INFO:root:K: 10, Steps: 100, PSNR: 27.784007341171648, MSE: 108.31276104417671
INFO:root:K: 10, Steps: 150, PSNR: 27.79020656686938, MSE: 108.15826305220884
INFO:root:K: 10, Steps: 200, PSNR: 27.789798196431875, MSE: 108.16843373493975
